mode: set
github.com/LegacyCodeHQ/clarity/depgraph/languages/c/dependency_resolver_c.go:14.21,16.16 2 0
github.com/LegacyCodeHQ/clarity/depgraph/languages/c/dependency_resolver_c.go:16.16,18.3 1 0
github.com/LegacyCodeHQ/clarity/depgraph/languages/c/dependency_resolver_c.go:20.2,21.21 2 0
github.com/LegacyCodeHQ/clarity/depgraph/languages/c/dependency_resolver_c.go:21.21,23.3 1 0
github.com/LegacyCodeHQ/clarity/depgraph/languages/c/dependency_resolver_c.go:25.2,26.31 2 0
github.com/LegacyCodeHQ/clarity/depgraph/languages/c/dependency_resolver_c.go:26.31,27.31 1 0
github.com/LegacyCodeHQ/clarity/depgraph/languages/c/dependency_resolver_c.go:27.31,28.12 1 0
github.com/LegacyCodeHQ/clarity/depgraph/languages/c/dependency_resolver_c.go:30.3,31.62 2 0
github.com/LegacyCodeHQ/clarity/depgraph/languages/c/dependency_resolver_c.go:34.2,34.29 1 0
github.com/LegacyCodeHQ/clarity/depgraph/languages/c/module_c.go:10.29,12.2 1 0
github.com/LegacyCodeHQ/clarity/depgraph/languages/c/module_c.go:14.37,16.2 1 0
github.com/LegacyCodeHQ/clarity/depgraph/languages/c/module_c.go:18.50,20.2 1 0
github.com/LegacyCodeHQ/clarity/depgraph/languages/c/module_c.go:22.103,24.2 1 0
github.com/LegacyCodeHQ/clarity/depgraph/languages/c/module_c.go:26.69,28.2 1 0
github.com/LegacyCodeHQ/clarity/depgraph/languages/c/module_c.go:35.90,37.2 1 0
github.com/LegacyCodeHQ/clarity/depgraph/languages/c/module_c.go:39.56,41.2 1 0
github.com/LegacyCodeHQ/clarity/depgraph/languages/c/parser_c.go:18.19,22.4 3 0
github.com/LegacyCodeHQ/clarity/depgraph/languages/c/parser_c.go:41.52,43.16 2 1
github.com/LegacyCodeHQ/clarity/depgraph/languages/c/parser_c.go:43.16,45.3 1 0
github.com/LegacyCodeHQ/clarity/depgraph/languages/c/parser_c.go:47.2,47.35 1 1
github.com/LegacyCodeHQ/clarity/depgraph/languages/c/parser_c.go:51.59,52.56 1 1
github.com/LegacyCodeHQ/clarity/depgraph/languages/c/parser_c.go:52.56,54.3 1 1
github.com/LegacyCodeHQ/clarity/depgraph/languages/c/parser_c.go:56.2,57.19 2 0
github.com/LegacyCodeHQ/clarity/depgraph/languages/c/parser_c.go:57.19,60.3 2 0
github.com/LegacyCodeHQ/clarity/depgraph/languages/c/parser_c.go:61.2,64.16 3 0
github.com/LegacyCodeHQ/clarity/depgraph/languages/c/parser_c.go:64.16,66.3 1 0
github.com/LegacyCodeHQ/clarity/depgraph/languages/c/parser_c.go:67.2,69.58 2 0
github.com/LegacyCodeHQ/clarity/depgraph/languages/c/parser_c.go:74.55,80.12 5 1
github.com/LegacyCodeHQ/clarity/depgraph/languages/c/parser_c.go:80.12,82.50 1 1
github.com/LegacyCodeHQ/clarity/depgraph/languages/c/parser_c.go:82.50,85.16 3 0
github.com/LegacyCodeHQ/clarity/depgraph/languages/c/parser_c.go:85.16,86.41 1 0
github.com/LegacyCodeHQ/clarity/depgraph/languages/c/parser_c.go:86.41,89.11 3 0
github.com/LegacyCodeHQ/clarity/depgraph/languages/c/parser_c.go:91.5,91.23 1 0
github.com/LegacyCodeHQ/clarity/depgraph/languages/c/parser_c.go:91.23,93.6 1 0
github.com/LegacyCodeHQ/clarity/depgraph/languages/c/parser_c.go:94.5,94.8 1 0
github.com/LegacyCodeHQ/clarity/depgraph/languages/c/parser_c.go:96.4,96.15 1 0
github.com/LegacyCodeHQ/clarity/depgraph/languages/c/parser_c.go:96.15,98.5 1 0
github.com/LegacyCodeHQ/clarity/depgraph/languages/c/parser_c.go:99.4,99.12 1 0
github.com/LegacyCodeHQ/clarity/depgraph/languages/c/parser_c.go:102.3,102.50 1 1
github.com/LegacyCodeHQ/clarity/depgraph/languages/c/parser_c.go:102.50,103.32 1 0
github.com/LegacyCodeHQ/clarity/depgraph/languages/c/parser_c.go:103.32,105.5 1 0
github.com/LegacyCodeHQ/clarity/depgraph/languages/c/parser_c.go:106.4,106.12 1 0
github.com/LegacyCodeHQ/clarity/depgraph/languages/c/parser_c.go:109.3,109.20 1 1
github.com/LegacyCodeHQ/clarity/depgraph/languages/c/parser_c.go:109.20,111.14 2 1
github.com/LegacyCodeHQ/clarity/depgraph/languages/c/parser_c.go:111.14,112.23 1 1
github.com/LegacyCodeHQ/clarity/depgraph/languages/c/parser_c.go:112.23,114.14 2 0
github.com/LegacyCodeHQ/clarity/depgraph/languages/c/parser_c.go:116.5,116.22 1 1
github.com/LegacyCodeHQ/clarity/depgraph/languages/c/parser_c.go:116.22,118.11 2 1
github.com/LegacyCodeHQ/clarity/depgraph/languages/c/parser_c.go:120.5,120.23 1 1
github.com/LegacyCodeHQ/clarity/depgraph/languages/c/parser_c.go:120.23,122.6 1 0
github.com/LegacyCodeHQ/clarity/depgraph/languages/c/parser_c.go:123.5,123.8 1 1
github.com/LegacyCodeHQ/clarity/depgraph/languages/c/parser_c.go:125.4,126.12 2 1
github.com/LegacyCodeHQ/clarity/depgraph/languages/c/parser_c.go:129.3,129.21 1 1
github.com/LegacyCodeHQ/clarity/depgraph/languages/c/parser_c.go:129.21,131.14 2 0
github.com/LegacyCodeHQ/clarity/depgraph/languages/c/parser_c.go:131.14,132.23 1 0
github.com/LegacyCodeHQ/clarity/depgraph/languages/c/parser_c.go:132.23,134.14 2 0
github.com/LegacyCodeHQ/clarity/depgraph/languages/c/parser_c.go:136.5,136.23 1 0
github.com/LegacyCodeHQ/clarity/depgraph/languages/c/parser_c.go:136.23,138.11 2 0
github.com/LegacyCodeHQ/clarity/depgraph/languages/c/parser_c.go:140.5,140.8 1 0
github.com/LegacyCodeHQ/clarity/depgraph/languages/c/parser_c.go:142.4,143.12 2 0
github.com/LegacyCodeHQ/clarity/depgraph/languages/c/parser_c.go:145.3,145.21 1 1
github.com/LegacyCodeHQ/clarity/depgraph/languages/c/parser_c.go:145.21,148.12 3 1
github.com/LegacyCodeHQ/clarity/depgraph/languages/c/parser_c.go:150.3,150.18 1 1
github.com/LegacyCodeHQ/clarity/depgraph/languages/c/parser_c.go:150.18,152.51 1 1
github.com/LegacyCodeHQ/clarity/depgraph/languages/c/parser_c.go:152.51,154.5 1 0
github.com/LegacyCodeHQ/clarity/depgraph/languages/c/parser_c.go:155.4,155.30 1 1
github.com/LegacyCodeHQ/clarity/depgraph/languages/c/parser_c.go:155.30,157.52 2 1
github.com/LegacyCodeHQ/clarity/depgraph/languages/c/parser_c.go:157.52,159.6 1 0
github.com/LegacyCodeHQ/clarity/depgraph/languages/c/parser_c.go:160.5,161.78 2 1
github.com/LegacyCodeHQ/clarity/depgraph/languages/c/parser_c.go:161.78,163.53 2 1
github.com/LegacyCodeHQ/clarity/depgraph/languages/c/parser_c.go:163.53,165.7 1 1
github.com/LegacyCodeHQ/clarity/depgraph/languages/c/parser_c.go:166.6,166.15 1 1
github.com/LegacyCodeHQ/clarity/depgraph/languages/c/parser_c.go:166.15,167.21 1 1
github.com/LegacyCodeHQ/clarity/depgraph/languages/c/parser_c.go:168.16,170.59 2 1
github.com/LegacyCodeHQ/clarity/depgraph/languages/c/parser_c.go:170.59,172.9 1 1
github.com/LegacyCodeHQ/clarity/depgraph/languages/c/parser_c.go:173.8,173.38 1 1
github.com/LegacyCodeHQ/clarity/depgraph/languages/c/parser_c.go:173.38,175.9 1 1
github.com/LegacyCodeHQ/clarity/depgraph/languages/c/parser_c.go:176.16,178.59 2 1
github.com/LegacyCodeHQ/clarity/depgraph/languages/c/parser_c.go:178.59,180.9 1 1
github.com/LegacyCodeHQ/clarity/depgraph/languages/c/parser_c.go:181.8,181.38 1 1
github.com/LegacyCodeHQ/clarity/depgraph/languages/c/parser_c.go:181.38,183.9 1 1
github.com/LegacyCodeHQ/clarity/depgraph/languages/c/parser_c.go:188.4,189.12 2 1
github.com/LegacyCodeHQ/clarity/depgraph/languages/c/parser_c.go:191.3,191.6 1 1
github.com/LegacyCodeHQ/clarity/depgraph/languages/c/parser_c.go:193.2,193.23 1 1
github.com/LegacyCodeHQ/clarity/depgraph/languages/c/parser_c.go:196.74,200.30 3 0
github.com/LegacyCodeHQ/clarity/depgraph/languages/c/parser_c.go:200.30,201.15 1 0
github.com/LegacyCodeHQ/clarity/depgraph/languages/c/parser_c.go:201.15,203.4 1 0
github.com/LegacyCodeHQ/clarity/depgraph/languages/c/parser_c.go:205.3,205.36 1 0
github.com/LegacyCodeHQ/clarity/depgraph/languages/c/parser_c.go:205.36,206.68 1 0
github.com/LegacyCodeHQ/clarity/depgraph/languages/c/parser_c.go:206.68,208.5 1 0
github.com/LegacyCodeHQ/clarity/depgraph/languages/c/parser_c.go:211.3,211.44 1 0
github.com/LegacyCodeHQ/clarity/depgraph/languages/c/parser_c.go:211.44,213.4 1 0
github.com/LegacyCodeHQ/clarity/depgraph/languages/c/parser_c.go:216.2,217.17 2 0
github.com/LegacyCodeHQ/clarity/depgraph/languages/c/parser_c.go:220.75,221.46 1 0
github.com/LegacyCodeHQ/clarity/depgraph/languages/c/parser_c.go:221.46,223.19 2 0
github.com/LegacyCodeHQ/clarity/depgraph/languages/c/parser_c.go:223.19,224.12 1 0
github.com/LegacyCodeHQ/clarity/depgraph/languages/c/parser_c.go:226.3,226.23 1 0
github.com/LegacyCodeHQ/clarity/depgraph/languages/c/parser_c.go:227.25,228.91 1 0
github.com/LegacyCodeHQ/clarity/depgraph/languages/c/parser_c.go:229.28,230.92 1 0
github.com/LegacyCodeHQ/clarity/depgraph/languages/c/parser_c.go:234.2,234.18 1 0
github.com/LegacyCodeHQ/clarity/depgraph/languages/c/parser_c.go:237.44,239.2 1 0
github.com/LegacyCodeHQ/clarity/depgraph/languages/c/parser_c.go:241.44,246.2 4 0
github.com/LegacyCodeHQ/clarity/depgraph/languages/c/parser_c.go:249.98,256.37 5 1
github.com/LegacyCodeHQ/clarity/depgraph/languages/c/parser_c.go:256.37,257.30 1 1
github.com/LegacyCodeHQ/clarity/depgraph/languages/c/parser_c.go:257.30,259.4 1 1
github.com/LegacyCodeHQ/clarity/depgraph/languages/c/parser_c.go:260.3,260.23 1 1
github.com/LegacyCodeHQ/clarity/depgraph/languages/c/parser_c.go:263.2,264.30 2 1
github.com/LegacyCodeHQ/clarity/depgraph/languages/c/parser_c.go:264.30,266.3 1 1
github.com/LegacyCodeHQ/clarity/depgraph/languages/c/parser_c.go:268.2,268.22 1 1
github.com/LegacyCodeHQ/clarity/depgraph/languages/c/test_file_c.go:9.39,12.32 3 0
github.com/LegacyCodeHQ/clarity/depgraph/languages/c/test_file_c.go:12.32,14.3 1 0
github.com/LegacyCodeHQ/clarity/depgraph/languages/c/test_file_c.go:16.2,17.74 2 0
github.com/LegacyCodeHQ/clarity/depgraph/languages/c/test_file_c.go:17.74,19.3 1 0
github.com/LegacyCodeHQ/clarity/depgraph/languages/c/test_file_c.go:21.2,22.78 2 0
github.com/LegacyCodeHQ/clarity/depgraph/languages/cpp/dependency_resolver_cpp.go:14.21,16.16 2 0
github.com/LegacyCodeHQ/clarity/depgraph/languages/cpp/dependency_resolver_cpp.go:16.16,18.3 1 0
github.com/LegacyCodeHQ/clarity/depgraph/languages/cpp/dependency_resolver_cpp.go:20.2,21.21 2 0
github.com/LegacyCodeHQ/clarity/depgraph/languages/cpp/dependency_resolver_cpp.go:21.21,23.3 1 0
github.com/LegacyCodeHQ/clarity/depgraph/languages/cpp/dependency_resolver_cpp.go:25.2,26.31 2 0
github.com/LegacyCodeHQ/clarity/depgraph/languages/cpp/dependency_resolver_cpp.go:26.31,27.31 1 0
github.com/LegacyCodeHQ/clarity/depgraph/languages/cpp/dependency_resolver_cpp.go:27.31,28.12 1 0
github.com/LegacyCodeHQ/clarity/depgraph/languages/cpp/dependency_resolver_cpp.go:30.3,31.62 2 0
github.com/LegacyCodeHQ/clarity/depgraph/languages/cpp/dependency_resolver_cpp.go:34.2,34.29 1 0
github.com/LegacyCodeHQ/clarity/depgraph/languages/cpp/module_cpp.go:10.29,12.2 1 0
github.com/LegacyCodeHQ/clarity/depgraph/languages/cpp/module_cpp.go:14.37,16.2 1 0
github.com/LegacyCodeHQ/clarity/depgraph/languages/cpp/module_cpp.go:18.50,20.2 1 0
github.com/LegacyCodeHQ/clarity/depgraph/languages/cpp/module_cpp.go:22.103,24.2 1 0
github.com/LegacyCodeHQ/clarity/depgraph/languages/cpp/module_cpp.go:26.69,28.2 1 0
github.com/LegacyCodeHQ/clarity/depgraph/languages/cpp/module_cpp.go:35.90,37.2 1 0
github.com/LegacyCodeHQ/clarity/depgraph/languages/cpp/module_cpp.go:39.56,41.2 1 0
github.com/LegacyCodeHQ/clarity/depgraph/languages/cpp/parser_cpp.go:19.19,23.4 3 0
github.com/LegacyCodeHQ/clarity/depgraph/languages/cpp/parser_cpp.go:42.54,44.16 2 1
github.com/LegacyCodeHQ/clarity/depgraph/languages/cpp/parser_cpp.go:44.16,46.3 1 0
github.com/LegacyCodeHQ/clarity/depgraph/languages/cpp/parser_cpp.go:48.2,48.37 1 1
github.com/LegacyCodeHQ/clarity/depgraph/languages/cpp/parser_cpp.go:52.61,53.58 1 1
github.com/LegacyCodeHQ/clarity/depgraph/languages/cpp/parser_cpp.go:53.58,55.3 1 1
github.com/LegacyCodeHQ/clarity/depgraph/languages/cpp/parser_cpp.go:57.2,58.19 2 0
github.com/LegacyCodeHQ/clarity/depgraph/languages/cpp/parser_cpp.go:58.19,61.3 2 0
github.com/LegacyCodeHQ/clarity/depgraph/languages/cpp/parser_cpp.go:62.2,65.16 3 0
github.com/LegacyCodeHQ/clarity/depgraph/languages/cpp/parser_cpp.go:65.16,67.3 1 0
github.com/LegacyCodeHQ/clarity/depgraph/languages/cpp/parser_cpp.go:68.2,70.58 2 0
github.com/LegacyCodeHQ/clarity/depgraph/languages/cpp/parser_cpp.go:75.57,81.12 5 1
github.com/LegacyCodeHQ/clarity/depgraph/languages/cpp/parser_cpp.go:81.12,83.50 1 1
github.com/LegacyCodeHQ/clarity/depgraph/languages/cpp/parser_cpp.go:83.50,86.16 3 0
github.com/LegacyCodeHQ/clarity/depgraph/languages/cpp/parser_cpp.go:86.16,87.41 1 0
github.com/LegacyCodeHQ/clarity/depgraph/languages/cpp/parser_cpp.go:87.41,90.11 3 0
github.com/LegacyCodeHQ/clarity/depgraph/languages/cpp/parser_cpp.go:92.5,92.23 1 0
github.com/LegacyCodeHQ/clarity/depgraph/languages/cpp/parser_cpp.go:92.23,94.6 1 0
github.com/LegacyCodeHQ/clarity/depgraph/languages/cpp/parser_cpp.go:95.5,95.8 1 0
github.com/LegacyCodeHQ/clarity/depgraph/languages/cpp/parser_cpp.go:97.4,97.15 1 0
github.com/LegacyCodeHQ/clarity/depgraph/languages/cpp/parser_cpp.go:97.15,99.5 1 0
github.com/LegacyCodeHQ/clarity/depgraph/languages/cpp/parser_cpp.go:100.4,100.12 1 0
github.com/LegacyCodeHQ/clarity/depgraph/languages/cpp/parser_cpp.go:103.3,103.50 1 1
github.com/LegacyCodeHQ/clarity/depgraph/languages/cpp/parser_cpp.go:103.50,104.32 1 0
github.com/LegacyCodeHQ/clarity/depgraph/languages/cpp/parser_cpp.go:104.32,106.5 1 0
github.com/LegacyCodeHQ/clarity/depgraph/languages/cpp/parser_cpp.go:107.4,107.12 1 0
github.com/LegacyCodeHQ/clarity/depgraph/languages/cpp/parser_cpp.go:110.3,110.20 1 1
github.com/LegacyCodeHQ/clarity/depgraph/languages/cpp/parser_cpp.go:110.20,112.14 2 1
github.com/LegacyCodeHQ/clarity/depgraph/languages/cpp/parser_cpp.go:112.14,113.23 1 1
github.com/LegacyCodeHQ/clarity/depgraph/languages/cpp/parser_cpp.go:113.23,115.14 2 0
github.com/LegacyCodeHQ/clarity/depgraph/languages/cpp/parser_cpp.go:117.5,117.22 1 1
github.com/LegacyCodeHQ/clarity/depgraph/languages/cpp/parser_cpp.go:117.22,119.11 2 1
github.com/LegacyCodeHQ/clarity/depgraph/languages/cpp/parser_cpp.go:121.5,121.23 1 1
github.com/LegacyCodeHQ/clarity/depgraph/languages/cpp/parser_cpp.go:121.23,123.6 1 0
github.com/LegacyCodeHQ/clarity/depgraph/languages/cpp/parser_cpp.go:124.5,124.8 1 1
github.com/LegacyCodeHQ/clarity/depgraph/languages/cpp/parser_cpp.go:126.4,127.12 2 1
github.com/LegacyCodeHQ/clarity/depgraph/languages/cpp/parser_cpp.go:130.3,130.21 1 1
github.com/LegacyCodeHQ/clarity/depgraph/languages/cpp/parser_cpp.go:130.21,132.14 2 0
github.com/LegacyCodeHQ/clarity/depgraph/languages/cpp/parser_cpp.go:132.14,133.23 1 0
github.com/LegacyCodeHQ/clarity/depgraph/languages/cpp/parser_cpp.go:133.23,135.14 2 0
github.com/LegacyCodeHQ/clarity/depgraph/languages/cpp/parser_cpp.go:137.5,137.23 1 0
github.com/LegacyCodeHQ/clarity/depgraph/languages/cpp/parser_cpp.go:137.23,139.11 2 0
github.com/LegacyCodeHQ/clarity/depgraph/languages/cpp/parser_cpp.go:141.5,141.8 1 0
github.com/LegacyCodeHQ/clarity/depgraph/languages/cpp/parser_cpp.go:143.4,144.12 2 0
github.com/LegacyCodeHQ/clarity/depgraph/languages/cpp/parser_cpp.go:146.3,146.21 1 1
github.com/LegacyCodeHQ/clarity/depgraph/languages/cpp/parser_cpp.go:146.21,149.12 3 1
github.com/LegacyCodeHQ/clarity/depgraph/languages/cpp/parser_cpp.go:151.3,151.18 1 1
github.com/LegacyCodeHQ/clarity/depgraph/languages/cpp/parser_cpp.go:151.18,153.51 1 1
github.com/LegacyCodeHQ/clarity/depgraph/languages/cpp/parser_cpp.go:153.51,155.5 1 0
github.com/LegacyCodeHQ/clarity/depgraph/languages/cpp/parser_cpp.go:156.4,156.30 1 1
github.com/LegacyCodeHQ/clarity/depgraph/languages/cpp/parser_cpp.go:156.30,158.52 2 1
github.com/LegacyCodeHQ/clarity/depgraph/languages/cpp/parser_cpp.go:158.52,160.6 1 0
github.com/LegacyCodeHQ/clarity/depgraph/languages/cpp/parser_cpp.go:161.5,162.78 2 1
github.com/LegacyCodeHQ/clarity/depgraph/languages/cpp/parser_cpp.go:162.78,164.53 2 1
github.com/LegacyCodeHQ/clarity/depgraph/languages/cpp/parser_cpp.go:164.53,166.7 1 1
github.com/LegacyCodeHQ/clarity/depgraph/languages/cpp/parser_cpp.go:167.6,167.15 1 1
github.com/LegacyCodeHQ/clarity/depgraph/languages/cpp/parser_cpp.go:167.15,168.21 1 1
github.com/LegacyCodeHQ/clarity/depgraph/languages/cpp/parser_cpp.go:169.16,171.59 2 1
github.com/LegacyCodeHQ/clarity/depgraph/languages/cpp/parser_cpp.go:171.59,173.9 1 1
github.com/LegacyCodeHQ/clarity/depgraph/languages/cpp/parser_cpp.go:174.8,174.38 1 1
github.com/LegacyCodeHQ/clarity/depgraph/languages/cpp/parser_cpp.go:174.38,176.9 1 1
github.com/LegacyCodeHQ/clarity/depgraph/languages/cpp/parser_cpp.go:177.16,179.59 2 1
github.com/LegacyCodeHQ/clarity/depgraph/languages/cpp/parser_cpp.go:179.59,181.9 1 1
github.com/LegacyCodeHQ/clarity/depgraph/languages/cpp/parser_cpp.go:182.8,182.38 1 1
github.com/LegacyCodeHQ/clarity/depgraph/languages/cpp/parser_cpp.go:182.38,184.9 1 1
github.com/LegacyCodeHQ/clarity/depgraph/languages/cpp/parser_cpp.go:189.4,190.12 2 1
github.com/LegacyCodeHQ/clarity/depgraph/languages/cpp/parser_cpp.go:192.3,192.6 1 1
github.com/LegacyCodeHQ/clarity/depgraph/languages/cpp/parser_cpp.go:194.2,194.23 1 1
github.com/LegacyCodeHQ/clarity/depgraph/languages/cpp/parser_cpp.go:197.74,201.30 3 0
github.com/LegacyCodeHQ/clarity/depgraph/languages/cpp/parser_cpp.go:201.30,202.15 1 0
github.com/LegacyCodeHQ/clarity/depgraph/languages/cpp/parser_cpp.go:202.15,204.4 1 0
github.com/LegacyCodeHQ/clarity/depgraph/languages/cpp/parser_cpp.go:206.3,206.36 1 0
github.com/LegacyCodeHQ/clarity/depgraph/languages/cpp/parser_cpp.go:206.36,207.68 1 0
github.com/LegacyCodeHQ/clarity/depgraph/languages/cpp/parser_cpp.go:207.68,209.5 1 0
github.com/LegacyCodeHQ/clarity/depgraph/languages/cpp/parser_cpp.go:212.3,212.44 1 0
github.com/LegacyCodeHQ/clarity/depgraph/languages/cpp/parser_cpp.go:212.44,214.4 1 0
github.com/LegacyCodeHQ/clarity/depgraph/languages/cpp/parser_cpp.go:217.2,218.17 2 0
github.com/LegacyCodeHQ/clarity/depgraph/languages/cpp/parser_cpp.go:221.75,222.46 1 0
github.com/LegacyCodeHQ/clarity/depgraph/languages/cpp/parser_cpp.go:222.46,224.19 2 0
github.com/LegacyCodeHQ/clarity/depgraph/languages/cpp/parser_cpp.go:224.19,225.12 1 0
github.com/LegacyCodeHQ/clarity/depgraph/languages/cpp/parser_cpp.go:227.3,227.23 1 0
github.com/LegacyCodeHQ/clarity/depgraph/languages/cpp/parser_cpp.go:228.25,229.91 1 0
github.com/LegacyCodeHQ/clarity/depgraph/languages/cpp/parser_cpp.go:230.28,231.92 1 0
github.com/LegacyCodeHQ/clarity/depgraph/languages/cpp/parser_cpp.go:235.2,235.18 1 0
github.com/LegacyCodeHQ/clarity/depgraph/languages/cpp/parser_cpp.go:238.44,240.2 1 0
github.com/LegacyCodeHQ/clarity/depgraph/languages/cpp/parser_cpp.go:242.44,247.2 4 0
github.com/LegacyCodeHQ/clarity/depgraph/languages/cpp/parser_cpp.go:250.100,256.38 5 1
github.com/LegacyCodeHQ/clarity/depgraph/languages/cpp/parser_cpp.go:256.38,257.41 1 1
github.com/LegacyCodeHQ/clarity/depgraph/languages/cpp/parser_cpp.go:257.41,260.4 2 1
github.com/LegacyCodeHQ/clarity/depgraph/languages/cpp/parser_cpp.go:263.2,263.37 1 1
github.com/LegacyCodeHQ/clarity/depgraph/languages/cpp/parser_cpp.go:263.37,264.39 1 1
github.com/LegacyCodeHQ/clarity/depgraph/languages/cpp/parser_cpp.go:264.39,266.4 1 1
github.com/LegacyCodeHQ/clarity/depgraph/languages/cpp/parser_cpp.go:267.3,268.23 2 1
github.com/LegacyCodeHQ/clarity/depgraph/languages/cpp/parser_cpp.go:271.2,272.38 2 1
github.com/LegacyCodeHQ/clarity/depgraph/languages/cpp/parser_cpp.go:272.38,273.34 1 1
github.com/LegacyCodeHQ/clarity/depgraph/languages/cpp/parser_cpp.go:273.34,275.4 1 1
github.com/LegacyCodeHQ/clarity/depgraph/languages/cpp/parser_cpp.go:278.2,279.22 2 1
github.com/LegacyCodeHQ/clarity/depgraph/languages/cpp/parser_cpp.go:282.72,284.24 2 1
github.com/LegacyCodeHQ/clarity/depgraph/languages/cpp/parser_cpp.go:284.24,286.3 1 1
github.com/LegacyCodeHQ/clarity/depgraph/languages/cpp/parser_cpp.go:289.2,292.50 2 1
github.com/LegacyCodeHQ/clarity/depgraph/languages/cpp/parser_cpp.go:292.50,297.20 4 1
github.com/LegacyCodeHQ/clarity/depgraph/languages/cpp/parser_cpp.go:297.20,298.9 1 1
github.com/LegacyCodeHQ/clarity/depgraph/languages/cpp/parser_cpp.go:302.2,303.28 2 1
github.com/LegacyCodeHQ/clarity/depgraph/languages/cpp/parser_cpp.go:303.28,305.3 1 1
github.com/LegacyCodeHQ/clarity/depgraph/languages/cpp/parser_cpp.go:306.2,307.12 2 1
github.com/LegacyCodeHQ/clarity/depgraph/languages/cpp/test_file_cpp.go:9.39,20.21 4 0
github.com/LegacyCodeHQ/clarity/depgraph/languages/cpp/test_file_cpp.go:20.21,22.3 1 0
github.com/LegacyCodeHQ/clarity/depgraph/languages/cpp/test_file_cpp.go:24.2,25.74 2 0
github.com/LegacyCodeHQ/clarity/depgraph/languages/cpp/test_file_cpp.go:25.74,27.3 1 0
github.com/LegacyCodeHQ/clarity/depgraph/languages/cpp/test_file_cpp.go:29.2,30.78 2 0
github.com/LegacyCodeHQ/clarity/cmd/setup/setup_cmd.go:26.51,28.16 2 0
github.com/LegacyCodeHQ/clarity/cmd/setup/setup_cmd.go:28.16,30.3 1 0
github.com/LegacyCodeHQ/clarity/cmd/setup/setup_cmd.go:33.2,34.16 2 0
github.com/LegacyCodeHQ/clarity/cmd/setup/setup_cmd.go:34.16,36.3 1 0
github.com/LegacyCodeHQ/clarity/cmd/setup/setup_cmd.go:38.2,38.13 1 0
github.com/LegacyCodeHQ/clarity/cmd/setup/setup_cmd.go:38.13,40.3 1 0
github.com/LegacyCodeHQ/clarity/cmd/setup/setup_cmd.go:40.8,40.20 1 0
github.com/LegacyCodeHQ/clarity/cmd/setup/setup_cmd.go:40.20,42.3 1 0
github.com/LegacyCodeHQ/clarity/cmd/setup/setup_cmd.go:42.8,44.3 1 0
github.com/LegacyCodeHQ/clarity/cmd/setup/setup_cmd.go:46.2,46.12 1 0
github.com/LegacyCodeHQ/clarity/cmd/setup/setup_cmd.go:49.59,51.16 2 1
github.com/LegacyCodeHQ/clarity/cmd/setup/setup_cmd.go:51.16,53.3 1 0
github.com/LegacyCodeHQ/clarity/cmd/setup/setup_cmd.go:56.2,57.39 2 1
github.com/LegacyCodeHQ/clarity/cmd/setup/setup_cmd.go:57.39,59.3 1 0
github.com/LegacyCodeHQ/clarity/cmd/setup/setup_cmd.go:60.2,62.16 2 1
github.com/LegacyCodeHQ/clarity/cmd/setup/setup_cmd.go:62.16,64.17 2 1
github.com/LegacyCodeHQ/clarity/cmd/setup/setup_cmd.go:64.17,66.4 1 0
github.com/LegacyCodeHQ/clarity/cmd/setup/setup_cmd.go:68.3,68.30 1 1
github.com/LegacyCodeHQ/clarity/cmd/setup/setup_cmd.go:68.30,70.4 1 1
github.com/LegacyCodeHQ/clarity/cmd/setup/setup_cmd.go:72.3,73.78 2 1
github.com/LegacyCodeHQ/clarity/cmd/setup/setup_cmd.go:73.78,75.4 1 0
github.com/LegacyCodeHQ/clarity/cmd/setup/setup_cmd.go:76.8,78.85 1 1
github.com/LegacyCodeHQ/clarity/cmd/setup/setup_cmd.go:78.85,80.4 1 0
github.com/LegacyCodeHQ/clarity/cmd/setup/setup_cmd.go:83.2,83.31 1 1
github.com/LegacyCodeHQ/clarity/cmd/setup/setup_cmd.go:86.42,89.2 2 1
github.com/LegacyCodeHQ/clarity/cmd/setup/setup_cmd.go:91.55,93.17 2 1
github.com/LegacyCodeHQ/clarity/cmd/setup/setup_cmd.go:93.17,95.3 1 0
github.com/LegacyCodeHQ/clarity/cmd/setup/setup_cmd.go:96.2,97.25 2 1
github.com/LegacyCodeHQ/clarity/cmd/setup/setup_cmd.go:97.25,99.3 1 1
github.com/LegacyCodeHQ/clarity/cmd/setup/setup_cmd.go:100.2,100.18 1 0
github.com/LegacyCodeHQ/clarity/cmd/setup/setup_cmd.go:103.47,106.19 3 1
github.com/LegacyCodeHQ/clarity/cmd/setup/setup_cmd.go:106.19,108.3 1 0
github.com/LegacyCodeHQ/clarity/cmd/setup/setup_cmd.go:109.2,109.52 1 1
github.com/LegacyCodeHQ/clarity/depgraph/languages/dart/dependency_resolver_dart.go:17.21,19.16 2 0
github.com/LegacyCodeHQ/clarity/depgraph/languages/dart/dependency_resolver_dart.go:19.16,21.3 1 0
github.com/LegacyCodeHQ/clarity/depgraph/languages/dart/dependency_resolver_dart.go:23.2,24.16 2 0
github.com/LegacyCodeHQ/clarity/depgraph/languages/dart/dependency_resolver_dart.go:24.16,26.3 1 0
github.com/LegacyCodeHQ/clarity/depgraph/languages/dart/dependency_resolver_dart.go:28.2,29.30 2 0
github.com/LegacyCodeHQ/clarity/depgraph/languages/dart/dependency_resolver_dart.go:29.30,30.45 1 0
github.com/LegacyCodeHQ/clarity/depgraph/languages/dart/dependency_resolver_dart.go:30.45,32.35 2 0
github.com/LegacyCodeHQ/clarity/depgraph/languages/dart/dependency_resolver_dart.go:32.35,34.5 1 0
github.com/LegacyCodeHQ/clarity/depgraph/languages/dart/dependency_resolver_dart.go:38.2,38.28 1 0
github.com/LegacyCodeHQ/clarity/depgraph/languages/dart/dependency_resolver_dart.go:42.70,50.44 3 0
github.com/LegacyCodeHQ/clarity/depgraph/languages/dart/dependency_resolver_dart.go:50.44,52.3 1 0
github.com/LegacyCodeHQ/clarity/depgraph/languages/dart/dependency_resolver_dart.go:54.2,54.34 1 0
github.com/LegacyCodeHQ/clarity/depgraph/languages/dart/module_dart.go:10.29,12.2 1 0
github.com/LegacyCodeHQ/clarity/depgraph/languages/dart/module_dart.go:14.37,16.2 1 0
github.com/LegacyCodeHQ/clarity/depgraph/languages/dart/module_dart.go:18.50,20.2 1 0
github.com/LegacyCodeHQ/clarity/depgraph/languages/dart/module_dart.go:22.103,24.2 1 0
github.com/LegacyCodeHQ/clarity/depgraph/languages/dart/module_dart.go:26.69,28.2 1 0
github.com/LegacyCodeHQ/clarity/depgraph/languages/dart/module_dart.go:35.90,37.2 1 0
github.com/LegacyCodeHQ/clarity/depgraph/languages/dart/module_dart.go:39.56,41.2 1 0
github.com/LegacyCodeHQ/clarity/depgraph/languages/dart/parser_dart.go:23.37,25.2 1 0
github.com/LegacyCodeHQ/clarity/depgraph/languages/dart/parser_dart.go:32.37,34.2 1 0
github.com/LegacyCodeHQ/clarity/depgraph/languages/dart/parser_dart.go:36.40,37.75 1 1
github.com/LegacyCodeHQ/clarity/depgraph/languages/dart/parser_dart.go:37.75,39.3 1 1
github.com/LegacyCodeHQ/clarity/depgraph/languages/dart/parser_dart.go:40.2,40.32 1 1
github.com/LegacyCodeHQ/clarity/depgraph/languages/dart/parser_dart.go:43.49,45.16 2 1
github.com/LegacyCodeHQ/clarity/depgraph/languages/dart/parser_dart.go:45.16,47.3 1 1
github.com/LegacyCodeHQ/clarity/depgraph/languages/dart/parser_dart.go:49.2,49.33 1 1
github.com/LegacyCodeHQ/clarity/depgraph/languages/dart/parser_dart.go:52.56,59.16 5 1
github.com/LegacyCodeHQ/clarity/depgraph/languages/dart/parser_dart.go:59.16,61.3 1 0
github.com/LegacyCodeHQ/clarity/depgraph/languages/dart/parser_dart.go:62.2,66.36 3 1
github.com/LegacyCodeHQ/clarity/depgraph/languages/dart/parser_dart.go:66.36,68.3 1 1
github.com/LegacyCodeHQ/clarity/depgraph/languages/dart/parser_dart.go:71.2,71.48 1 1
github.com/LegacyCodeHQ/clarity/depgraph/languages/dart/parser_dart.go:71.48,73.37 2 1
github.com/LegacyCodeHQ/clarity/depgraph/languages/dart/parser_dart.go:73.37,75.4 1 0
github.com/LegacyCodeHQ/clarity/depgraph/languages/dart/parser_dart.go:79.2,79.24 1 1
github.com/LegacyCodeHQ/clarity/depgraph/languages/dart/parser_dart.go:97.95,101.16 3 1
github.com/LegacyCodeHQ/clarity/depgraph/languages/dart/parser_dart.go:101.16,103.3 1 0
github.com/LegacyCodeHQ/clarity/depgraph/languages/dart/parser_dart.go:104.2,113.6 6 1
github.com/LegacyCodeHQ/clarity/depgraph/languages/dart/parser_dart.go:113.6,115.10 2 1
github.com/LegacyCodeHQ/clarity/depgraph/languages/dart/parser_dart.go:115.10,116.9 1 1
github.com/LegacyCodeHQ/clarity/depgraph/languages/dart/parser_dart.go:119.3,121.42 2 1
github.com/LegacyCodeHQ/clarity/depgraph/languages/dart/parser_dart.go:121.42,126.4 3 1
github.com/LegacyCodeHQ/clarity/depgraph/languages/dart/parser_dart.go:129.2,129.21 1 1
github.com/LegacyCodeHQ/clarity/depgraph/languages/dart/parser_dart.go:133.40,137.2 2 1
github.com/LegacyCodeHQ/clarity/depgraph/languages/dart/test_file_dart.go:9.39,10.54 1 0
github.com/LegacyCodeHQ/clarity/depgraph/languages/dart/test_file_dart.go:10.54,12.3 1 0
github.com/LegacyCodeHQ/clarity/depgraph/languages/dart/test_file_dart.go:14.2,14.63 1 0
github.com/LegacyCodeHQ/clarity/depgraph/languages/java/dependency_resolver_java.go:14.76,15.25 1 1
github.com/LegacyCodeHQ/clarity/depgraph/languages/java/dependency_resolver_java.go:15.25,17.3 1 0
github.com/LegacyCodeHQ/clarity/depgraph/languages/java/dependency_resolver_java.go:19.2,23.37 4 1
github.com/LegacyCodeHQ/clarity/depgraph/languages/java/dependency_resolver_java.go:23.37,25.17 2 1
github.com/LegacyCodeHQ/clarity/depgraph/languages/java/dependency_resolver_java.go:25.17,26.12 1 0
github.com/LegacyCodeHQ/clarity/depgraph/languages/java/dependency_resolver_java.go:29.3,30.17 2 1
github.com/LegacyCodeHQ/clarity/depgraph/languages/java/dependency_resolver_java.go:30.17,31.12 1 0
github.com/LegacyCodeHQ/clarity/depgraph/languages/java/dependency_resolver_java.go:34.3,35.16 2 1
github.com/LegacyCodeHQ/clarity/depgraph/languages/java/dependency_resolver_java.go:35.16,36.12 1 0
github.com/LegacyCodeHQ/clarity/depgraph/languages/java/dependency_resolver_java.go:38.3,43.30 4 1
github.com/LegacyCodeHQ/clarity/depgraph/languages/java/dependency_resolver_java.go:43.30,44.12 1 0
github.com/LegacyCodeHQ/clarity/depgraph/languages/java/dependency_resolver_java.go:47.3,48.10 2 1
github.com/LegacyCodeHQ/clarity/depgraph/languages/java/dependency_resolver_java.go:48.10,51.4 2 1
github.com/LegacyCodeHQ/clarity/depgraph/languages/java/dependency_resolver_java.go:52.3,52.42 1 1
github.com/LegacyCodeHQ/clarity/depgraph/languages/java/dependency_resolver_java.go:52.42,53.22 1 1
github.com/LegacyCodeHQ/clarity/depgraph/languages/java/dependency_resolver_java.go:53.22,54.13 1 0
github.com/LegacyCodeHQ/clarity/depgraph/languages/java/dependency_resolver_java.go:56.4,56.58 1 1
github.com/LegacyCodeHQ/clarity/depgraph/languages/java/dependency_resolver_java.go:60.2,60.54 1 1
github.com/LegacyCodeHQ/clarity/depgraph/languages/java/dependency_resolver_java.go:72.21,74.16 2 1
github.com/LegacyCodeHQ/clarity/depgraph/languages/java/dependency_resolver_java.go:74.16,76.3 1 0
github.com/LegacyCodeHQ/clarity/depgraph/languages/java/dependency_resolver_java.go:78.2,79.36 2 1
github.com/LegacyCodeHQ/clarity/depgraph/languages/java/dependency_resolver_java.go:79.36,81.3 1 1
github.com/LegacyCodeHQ/clarity/depgraph/languages/java/dependency_resolver_java.go:83.2,86.55 4 1
github.com/LegacyCodeHQ/clarity/depgraph/languages/java/dependency_resolver_java.go:86.55,87.17 1 1
github.com/LegacyCodeHQ/clarity/depgraph/languages/java/dependency_resolver_java.go:87.17,89.4 1 1
github.com/LegacyCodeHQ/clarity/depgraph/languages/java/dependency_resolver_java.go:91.2,92.30 2 1
github.com/LegacyCodeHQ/clarity/depgraph/languages/java/dependency_resolver_java.go:92.30,94.10 2 1
github.com/LegacyCodeHQ/clarity/depgraph/languages/java/dependency_resolver_java.go:94.10,95.12 1 1
github.com/LegacyCodeHQ/clarity/depgraph/languages/java/dependency_resolver_java.go:97.3,104.22 1 1
github.com/LegacyCodeHQ/clarity/depgraph/languages/java/dependency_resolver_java.go:107.2,116.28 3 1
github.com/LegacyCodeHQ/clarity/depgraph/languages/java/dependency_resolver_java.go:127.12,132.31 4 1
github.com/LegacyCodeHQ/clarity/depgraph/languages/java/dependency_resolver_java.go:132.31,133.63 1 1
github.com/LegacyCodeHQ/clarity/depgraph/languages/java/dependency_resolver_java.go:133.63,135.4 1 0
github.com/LegacyCodeHQ/clarity/depgraph/languages/java/dependency_resolver_java.go:136.3,137.36 2 1
github.com/LegacyCodeHQ/clarity/depgraph/languages/java/dependency_resolver_java.go:140.2,140.22 1 1
github.com/LegacyCodeHQ/clarity/depgraph/languages/java/dependency_resolver_java.go:140.22,142.10 2 0
github.com/LegacyCodeHQ/clarity/depgraph/languages/java/dependency_resolver_java.go:142.10,144.4 1 0
github.com/LegacyCodeHQ/clarity/depgraph/languages/java/dependency_resolver_java.go:145.3,145.38 1 0
github.com/LegacyCodeHQ/clarity/depgraph/languages/java/dependency_resolver_java.go:145.38,146.26 1 0
github.com/LegacyCodeHQ/clarity/depgraph/languages/java/dependency_resolver_java.go:146.26,147.13 1 0
github.com/LegacyCodeHQ/clarity/depgraph/languages/java/dependency_resolver_java.go:149.4,149.38 1 0
github.com/LegacyCodeHQ/clarity/depgraph/languages/java/dependency_resolver_java.go:149.38,151.5 1 0
github.com/LegacyCodeHQ/clarity/depgraph/languages/java/dependency_resolver_java.go:153.3,153.18 1 0
github.com/LegacyCodeHQ/clarity/depgraph/languages/java/dependency_resolver_java.go:156.2,157.20 2 1
github.com/LegacyCodeHQ/clarity/depgraph/languages/java/dependency_resolver_java.go:157.20,158.47 1 1
github.com/LegacyCodeHQ/clarity/depgraph/languages/java/dependency_resolver_java.go:158.47,159.43 1 1
github.com/LegacyCodeHQ/clarity/depgraph/languages/java/dependency_resolver_java.go:159.43,161.5 1 1
github.com/LegacyCodeHQ/clarity/depgraph/languages/java/dependency_resolver_java.go:165.2,165.24 1 1
github.com/LegacyCodeHQ/clarity/depgraph/languages/java/dependency_resolver_java.go:165.24,166.42 1 0
github.com/LegacyCodeHQ/clarity/depgraph/languages/java/dependency_resolver_java.go:166.42,168.4 1 0
github.com/LegacyCodeHQ/clarity/depgraph/languages/java/dependency_resolver_java.go:171.2,171.17 1 1
github.com/LegacyCodeHQ/clarity/depgraph/languages/java/dependency_resolver_java.go:181.12,183.9 2 1
github.com/LegacyCodeHQ/clarity/depgraph/languages/java/dependency_resolver_java.go:183.9,185.3 1 0
github.com/LegacyCodeHQ/clarity/depgraph/languages/java/dependency_resolver_java.go:187.2,188.9 2 1
github.com/LegacyCodeHQ/clarity/depgraph/languages/java/dependency_resolver_java.go:188.9,190.3 1 0
github.com/LegacyCodeHQ/clarity/depgraph/languages/java/dependency_resolver_java.go:192.2,193.30 2 1
github.com/LegacyCodeHQ/clarity/depgraph/languages/java/dependency_resolver_java.go:193.30,195.3 1 0
github.com/LegacyCodeHQ/clarity/depgraph/languages/java/dependency_resolver_java.go:197.2,198.30 2 1
github.com/LegacyCodeHQ/clarity/depgraph/languages/java/dependency_resolver_java.go:198.30,199.23 1 1
github.com/LegacyCodeHQ/clarity/depgraph/languages/java/dependency_resolver_java.go:199.23,200.12 1 0
github.com/LegacyCodeHQ/clarity/depgraph/languages/java/dependency_resolver_java.go:202.3,203.17 2 1
github.com/LegacyCodeHQ/clarity/depgraph/languages/java/dependency_resolver_java.go:203.17,205.4 1 1
github.com/LegacyCodeHQ/clarity/depgraph/languages/java/dependency_resolver_java.go:208.2,209.61 2 1
github.com/LegacyCodeHQ/clarity/depgraph/languages/java/dependency_resolver_java.go:209.61,210.17 1 1
github.com/LegacyCodeHQ/clarity/depgraph/languages/java/dependency_resolver_java.go:210.17,212.4 1 1
github.com/LegacyCodeHQ/clarity/depgraph/languages/java/dependency_resolver_java.go:215.2,217.37 3 1
github.com/LegacyCodeHQ/clarity/depgraph/languages/java/dependency_resolver_java.go:217.37,218.47 1 1
github.com/LegacyCodeHQ/clarity/depgraph/languages/java/dependency_resolver_java.go:218.47,219.12 1 1
github.com/LegacyCodeHQ/clarity/depgraph/languages/java/dependency_resolver_java.go:221.3,222.10 2 1
github.com/LegacyCodeHQ/clarity/depgraph/languages/java/dependency_resolver_java.go:222.10,223.12 1 0
github.com/LegacyCodeHQ/clarity/depgraph/languages/java/dependency_resolver_java.go:225.3,225.33 1 1
github.com/LegacyCodeHQ/clarity/depgraph/languages/java/dependency_resolver_java.go:225.33,226.73 1 1
github.com/LegacyCodeHQ/clarity/depgraph/languages/java/dependency_resolver_java.go:226.73,227.13 1 0
github.com/LegacyCodeHQ/clarity/depgraph/languages/java/dependency_resolver_java.go:229.4,230.32 2 1
github.com/LegacyCodeHQ/clarity/depgraph/languages/java/dependency_resolver_java.go:234.2,234.13 1 1
github.com/LegacyCodeHQ/clarity/depgraph/languages/java/module_java.go:10.29,12.2 1 0
github.com/LegacyCodeHQ/clarity/depgraph/languages/java/module_java.go:14.37,16.2 1 0
github.com/LegacyCodeHQ/clarity/depgraph/languages/java/module_java.go:18.50,20.2 1 0
github.com/LegacyCodeHQ/clarity/depgraph/languages/java/module_java.go:22.103,31.2 2 0
github.com/LegacyCodeHQ/clarity/depgraph/languages/java/module_java.go:33.69,35.2 1 0
github.com/LegacyCodeHQ/clarity/depgraph/languages/java/module_java.go:45.88,54.2 1 0
github.com/LegacyCodeHQ/clarity/depgraph/languages/java/module_java.go:56.56,58.2 1 0
github.com/LegacyCodeHQ/clarity/depgraph/languages/java/parser_java.go:24.46,26.2 1 1
github.com/LegacyCodeHQ/clarity/depgraph/languages/java/parser_java.go:28.50,30.2 1 1
github.com/LegacyCodeHQ/clarity/depgraph/languages/java/parser_java.go:32.49,34.2 1 0
github.com/LegacyCodeHQ/clarity/depgraph/languages/java/parser_java.go:42.39,44.2 1 0
github.com/LegacyCodeHQ/clarity/depgraph/languages/java/parser_java.go:46.43,48.2 1 0
github.com/LegacyCodeHQ/clarity/depgraph/languages/java/parser_java.go:50.42,52.2 1 0
github.com/LegacyCodeHQ/clarity/depgraph/languages/java/parser_java.go:60.39,62.2 1 1
github.com/LegacyCodeHQ/clarity/depgraph/languages/java/parser_java.go:64.43,66.2 1 1
github.com/LegacyCodeHQ/clarity/depgraph/languages/java/parser_java.go:68.42,70.2 1 1
github.com/LegacyCodeHQ/clarity/depgraph/languages/java/parser_java.go:83.56,85.16 2 1
github.com/LegacyCodeHQ/clarity/depgraph/languages/java/parser_java.go:85.16,87.3 1 0
github.com/LegacyCodeHQ/clarity/depgraph/languages/java/parser_java.go:88.2,91.17 3 1
github.com/LegacyCodeHQ/clarity/depgraph/languages/java/parser_java.go:91.17,93.3 1 0
github.com/LegacyCodeHQ/clarity/depgraph/languages/java/parser_java.go:95.2,95.56 1 1
github.com/LegacyCodeHQ/clarity/depgraph/languages/java/parser_java.go:95.56,97.3 1 0
github.com/LegacyCodeHQ/clarity/depgraph/languages/java/parser_java.go:99.2,99.88 1 1
github.com/LegacyCodeHQ/clarity/depgraph/languages/java/parser_java.go:99.88,101.3 1 1
github.com/LegacyCodeHQ/clarity/depgraph/languages/java/parser_java.go:103.2,103.11 1 0
github.com/LegacyCodeHQ/clarity/depgraph/languages/java/parser_java.go:107.57,109.16 2 1
github.com/LegacyCodeHQ/clarity/depgraph/languages/java/parser_java.go:109.16,111.3 1 0
github.com/LegacyCodeHQ/clarity/depgraph/languages/java/parser_java.go:112.2,118.33 5 1
github.com/LegacyCodeHQ/clarity/depgraph/languages/java/parser_java.go:118.33,119.18 1 1
github.com/LegacyCodeHQ/clarity/depgraph/languages/java/parser_java.go:119.18,121.4 1 0
github.com/LegacyCodeHQ/clarity/depgraph/languages/java/parser_java.go:123.3,123.79 1 1
github.com/LegacyCodeHQ/clarity/depgraph/languages/java/parser_java.go:123.79,124.83 1 1
github.com/LegacyCodeHQ/clarity/depgraph/languages/java/parser_java.go:124.83,127.5 2 1
github.com/LegacyCodeHQ/clarity/depgraph/languages/java/parser_java.go:130.3,130.52 1 1
github.com/LegacyCodeHQ/clarity/depgraph/languages/java/parser_java.go:130.52,132.4 1 1
github.com/LegacyCodeHQ/clarity/depgraph/languages/java/parser_java.go:135.2,137.15 2 1
github.com/LegacyCodeHQ/clarity/depgraph/languages/java/parser_java.go:141.88,143.16 2 1
github.com/LegacyCodeHQ/clarity/depgraph/languages/java/parser_java.go:143.16,145.3 1 0
github.com/LegacyCodeHQ/clarity/depgraph/languages/java/parser_java.go:146.2,149.27 3 1
github.com/LegacyCodeHQ/clarity/depgraph/languages/java/parser_java.go:149.27,151.3 1 1
github.com/LegacyCodeHQ/clarity/depgraph/languages/java/parser_java.go:153.2,154.35 2 1
github.com/LegacyCodeHQ/clarity/depgraph/languages/java/parser_java.go:154.35,156.17 2 1
github.com/LegacyCodeHQ/clarity/depgraph/languages/java/parser_java.go:156.17,157.12 1 0
github.com/LegacyCodeHQ/clarity/depgraph/languages/java/parser_java.go:159.3,159.51 1 1
github.com/LegacyCodeHQ/clarity/depgraph/languages/java/parser_java.go:159.51,161.4 1 0
github.com/LegacyCodeHQ/clarity/depgraph/languages/java/parser_java.go:162.3,162.71 1 1
github.com/LegacyCodeHQ/clarity/depgraph/languages/java/parser_java.go:165.2,165.16 1 1
github.com/LegacyCodeHQ/clarity/depgraph/languages/java/parser_java.go:168.88,170.41 2 1
github.com/LegacyCodeHQ/clarity/depgraph/languages/java/parser_java.go:170.41,172.3 1 1
github.com/LegacyCodeHQ/clarity/depgraph/languages/java/parser_java.go:174.2,174.55 1 1
github.com/LegacyCodeHQ/clarity/depgraph/languages/java/parser_java.go:174.55,176.3 1 1
github.com/LegacyCodeHQ/clarity/depgraph/languages/java/parser_java.go:178.2,178.65 1 1
github.com/LegacyCodeHQ/clarity/depgraph/languages/java/parser_java.go:181.48,192.34 2 1
github.com/LegacyCodeHQ/clarity/depgraph/languages/java/parser_java.go:192.34,193.38 1 1
github.com/LegacyCodeHQ/clarity/depgraph/languages/java/parser_java.go:193.38,195.4 1 1
github.com/LegacyCodeHQ/clarity/depgraph/languages/java/parser_java.go:197.2,197.14 1 1
github.com/LegacyCodeHQ/clarity/depgraph/languages/java/parser_java.go:200.84,202.57 2 1
github.com/LegacyCodeHQ/clarity/depgraph/languages/java/parser_java.go:202.57,204.3 1 1
github.com/LegacyCodeHQ/clarity/depgraph/languages/java/parser_java.go:206.2,206.42 1 1
github.com/LegacyCodeHQ/clarity/depgraph/languages/java/parser_java.go:206.42,207.66 1 1
github.com/LegacyCodeHQ/clarity/depgraph/languages/java/parser_java.go:207.66,209.4 1 0
github.com/LegacyCodeHQ/clarity/depgraph/languages/java/parser_java.go:210.3,210.52 1 1
github.com/LegacyCodeHQ/clarity/depgraph/languages/java/parser_java.go:210.52,212.4 1 0
github.com/LegacyCodeHQ/clarity/depgraph/languages/java/parser_java.go:215.2,215.14 1 1
github.com/LegacyCodeHQ/clarity/depgraph/languages/java/parser_java.go:218.44,221.21 3 1
github.com/LegacyCodeHQ/clarity/depgraph/languages/java/parser_java.go:221.21,223.3 1 0
github.com/LegacyCodeHQ/clarity/depgraph/languages/java/parser_java.go:225.2,226.19 2 1
github.com/LegacyCodeHQ/clarity/depgraph/languages/java/parser_java.go:226.19,228.35 2 1
github.com/LegacyCodeHQ/clarity/depgraph/languages/java/parser_java.go:228.35,230.4 1 1
github.com/LegacyCodeHQ/clarity/depgraph/languages/java/parser_java.go:233.2,233.16 1 0
github.com/LegacyCodeHQ/clarity/depgraph/languages/java/parser_java.go:236.41,239.21 3 1
github.com/LegacyCodeHQ/clarity/depgraph/languages/java/parser_java.go:239.21,241.3 1 0
github.com/LegacyCodeHQ/clarity/depgraph/languages/java/parser_java.go:242.2,242.28 1 1
github.com/LegacyCodeHQ/clarity/depgraph/languages/java/parser_java.go:246.57,248.16 2 1
github.com/LegacyCodeHQ/clarity/depgraph/languages/java/parser_java.go:248.16,250.3 1 0
github.com/LegacyCodeHQ/clarity/depgraph/languages/java/parser_java.go:251.2,257.16 5 1
github.com/LegacyCodeHQ/clarity/depgraph/languages/java/parser_java.go:257.16,261.7 3 1
github.com/LegacyCodeHQ/clarity/depgraph/languages/java/parser_java.go:261.7,263.11 2 1
github.com/LegacyCodeHQ/clarity/depgraph/languages/java/parser_java.go:263.11,264.10 1 1
github.com/LegacyCodeHQ/clarity/depgraph/languages/java/parser_java.go:267.4,268.43 2 1
github.com/LegacyCodeHQ/clarity/depgraph/languages/java/parser_java.go:268.43,271.33 3 1
github.com/LegacyCodeHQ/clarity/depgraph/languages/java/parser_java.go:271.33,272.14 1 0
github.com/LegacyCodeHQ/clarity/depgraph/languages/java/parser_java.go:274.5,275.34 2 1
github.com/LegacyCodeHQ/clarity/depgraph/languages/java/parser_java.go:279.3,280.16 2 1
github.com/LegacyCodeHQ/clarity/depgraph/languages/java/parser_java.go:283.2,283.58 1 1
github.com/LegacyCodeHQ/clarity/depgraph/languages/java/parser_java.go:283.58,284.32 1 1
github.com/LegacyCodeHQ/clarity/depgraph/languages/java/parser_java.go:284.32,287.4 2 1
github.com/LegacyCodeHQ/clarity/depgraph/languages/java/parser_java.go:290.2,290.15 1 1
github.com/LegacyCodeHQ/clarity/depgraph/languages/java/parser_java.go:298.57,302.2 3 1
github.com/LegacyCodeHQ/clarity/depgraph/languages/java/parser_java.go:304.52,305.17 1 1
github.com/LegacyCodeHQ/clarity/depgraph/languages/java/parser_java.go:305.17,307.3 1 0
github.com/LegacyCodeHQ/clarity/depgraph/languages/java/parser_java.go:308.2,309.52 2 1
github.com/LegacyCodeHQ/clarity/depgraph/languages/java/parser_java.go:312.74,313.17 1 1
github.com/LegacyCodeHQ/clarity/depgraph/languages/java/parser_java.go:313.17,315.3 1 0
github.com/LegacyCodeHQ/clarity/depgraph/languages/java/parser_java.go:316.2,316.56 1 1
github.com/LegacyCodeHQ/clarity/depgraph/languages/java/parser_java.go:316.56,318.3 1 1
github.com/LegacyCodeHQ/clarity/depgraph/languages/java/parser_java.go:319.2,319.86 1 0
github.com/LegacyCodeHQ/clarity/depgraph/languages/java/parser_java.go:319.86,321.3 1 0
github.com/LegacyCodeHQ/clarity/depgraph/languages/java/parser_java.go:322.2,322.11 1 0
github.com/LegacyCodeHQ/clarity/depgraph/languages/java/parser_java.go:325.77,326.17 1 1
github.com/LegacyCodeHQ/clarity/depgraph/languages/java/parser_java.go:326.17,328.3 1 0
github.com/LegacyCodeHQ/clarity/depgraph/languages/java/parser_java.go:330.2,330.56 1 1
github.com/LegacyCodeHQ/clarity/depgraph/languages/java/parser_java.go:330.56,332.3 1 0
github.com/LegacyCodeHQ/clarity/depgraph/languages/java/parser_java.go:334.2,335.21 2 1
github.com/LegacyCodeHQ/clarity/depgraph/languages/java/parser_java.go:335.21,337.3 1 0
github.com/LegacyCodeHQ/clarity/depgraph/languages/java/parser_java.go:339.2,339.90 1 1
github.com/LegacyCodeHQ/clarity/depgraph/languages/java/parser_java.go:342.62,343.51 1 1
github.com/LegacyCodeHQ/clarity/depgraph/languages/java/parser_java.go:343.51,345.19 2 1
github.com/LegacyCodeHQ/clarity/depgraph/languages/java/parser_java.go:345.19,346.12 1 0
github.com/LegacyCodeHQ/clarity/depgraph/languages/java/parser_java.go:348.3,348.31 1 1
github.com/LegacyCodeHQ/clarity/depgraph/languages/java/parser_java.go:348.31,350.4 1 0
github.com/LegacyCodeHQ/clarity/depgraph/languages/java/parser_java.go:351.3,351.38 1 1
github.com/LegacyCodeHQ/clarity/depgraph/languages/java/parser_java.go:351.38,353.4 1 0
github.com/LegacyCodeHQ/clarity/depgraph/languages/java/parser_java.go:355.2,355.14 1 1
github.com/LegacyCodeHQ/clarity/depgraph/languages/java/parser_java.go:358.76,359.51 1 1
github.com/LegacyCodeHQ/clarity/depgraph/languages/java/parser_java.go:359.51,361.19 2 1
github.com/LegacyCodeHQ/clarity/depgraph/languages/java/parser_java.go:361.19,362.12 1 0
github.com/LegacyCodeHQ/clarity/depgraph/languages/java/parser_java.go:364.3,364.27 1 1
github.com/LegacyCodeHQ/clarity/depgraph/languages/java/parser_java.go:364.27,365.25 1 1
github.com/LegacyCodeHQ/clarity/depgraph/languages/java/parser_java.go:365.25,367.5 1 1
github.com/LegacyCodeHQ/clarity/depgraph/languages/java/parser_java.go:370.2,370.12 1 0
github.com/LegacyCodeHQ/clarity/depgraph/languages/java/parser_java.go:373.75,374.17 1 1
github.com/LegacyCodeHQ/clarity/depgraph/languages/java/parser_java.go:374.17,376.3 1 0
github.com/LegacyCodeHQ/clarity/depgraph/languages/java/parser_java.go:377.2,377.29 1 1
github.com/LegacyCodeHQ/clarity/depgraph/languages/java/parser_java.go:377.29,379.3 1 1
github.com/LegacyCodeHQ/clarity/depgraph/languages/java/parser_java.go:380.2,380.51 1 1
github.com/LegacyCodeHQ/clarity/depgraph/languages/java/parser_java.go:380.51,382.19 2 1
github.com/LegacyCodeHQ/clarity/depgraph/languages/java/parser_java.go:382.19,384.4 1 1
github.com/LegacyCodeHQ/clarity/depgraph/languages/java/parser_java.go:386.2,386.12 1 0
github.com/LegacyCodeHQ/clarity/depgraph/languages/java/parser_java.go:389.73,390.17 1 1
github.com/LegacyCodeHQ/clarity/depgraph/languages/java/parser_java.go:390.17,392.3 1 0
github.com/LegacyCodeHQ/clarity/depgraph/languages/java/parser_java.go:393.2,394.29 2 1
github.com/LegacyCodeHQ/clarity/depgraph/languages/java/parser_java.go:394.29,396.3 1 1
github.com/LegacyCodeHQ/clarity/depgraph/languages/java/parser_java.go:397.2,397.51 1 1
github.com/LegacyCodeHQ/clarity/depgraph/languages/java/parser_java.go:397.51,399.3 1 1
github.com/LegacyCodeHQ/clarity/depgraph/languages/java/parser_java.go:400.2,400.14 1 1
github.com/LegacyCodeHQ/clarity/depgraph/languages/java/test_file_java.go:9.39,11.35 2 1
github.com/LegacyCodeHQ/clarity/depgraph/languages/java/test_file_java.go:11.35,13.3 1 0
github.com/LegacyCodeHQ/clarity/depgraph/languages/java/test_file_java.go:15.2,15.83 1 1
github.com/LegacyCodeHQ/clarity/depgraph/languages/java/test_file_java.go:15.83,17.3 1 1
github.com/LegacyCodeHQ/clarity/depgraph/languages/java/test_file_java.go:19.2,20.87 2 1
github.com/LegacyCodeHQ/clarity/depgraph/languages/csharp/dependency_resolver_csharp.go:15.95,21.38 5 1
github.com/LegacyCodeHQ/clarity/depgraph/languages/csharp/dependency_resolver_csharp.go:21.38,22.38 1 1
github.com/LegacyCodeHQ/clarity/depgraph/languages/csharp/dependency_resolver_csharp.go:22.38,23.12 1 0
github.com/LegacyCodeHQ/clarity/depgraph/languages/csharp/dependency_resolver_csharp.go:26.3,27.17 2 1
github.com/LegacyCodeHQ/clarity/depgraph/languages/csharp/dependency_resolver_csharp.go:27.17,28.12 1 0
github.com/LegacyCodeHQ/clarity/depgraph/languages/csharp/dependency_resolver_csharp.go:31.3,40.26 9 1
github.com/LegacyCodeHQ/clarity/depgraph/languages/csharp/dependency_resolver_csharp.go:40.26,41.12 1 0
github.com/LegacyCodeHQ/clarity/depgraph/languages/csharp/dependency_resolver_csharp.go:44.3,45.10 2 1
github.com/LegacyCodeHQ/clarity/depgraph/languages/csharp/dependency_resolver_csharp.go:45.10,48.4 2 1
github.com/LegacyCodeHQ/clarity/depgraph/languages/csharp/dependency_resolver_csharp.go:49.3,49.38 1 1
github.com/LegacyCodeHQ/clarity/depgraph/languages/csharp/dependency_resolver_csharp.go:49.38,51.4 1 1
github.com/LegacyCodeHQ/clarity/depgraph/languages/csharp/dependency_resolver_csharp.go:54.2,54.73 1 1
github.com/LegacyCodeHQ/clarity/depgraph/languages/csharp/dependency_resolver_csharp.go:66.21,68.16 2 1
github.com/LegacyCodeHQ/clarity/depgraph/languages/csharp/dependency_resolver_csharp.go:68.16,70.3 1 0
github.com/LegacyCodeHQ/clarity/depgraph/languages/csharp/dependency_resolver_csharp.go:72.2,76.60 5 1
github.com/LegacyCodeHQ/clarity/depgraph/languages/csharp/dependency_resolver_csharp.go:76.60,78.3 1 1
github.com/LegacyCodeHQ/clarity/depgraph/languages/csharp/dependency_resolver_csharp.go:80.2,82.30 3 1
github.com/LegacyCodeHQ/clarity/depgraph/languages/csharp/dependency_resolver_csharp.go:82.30,83.60 1 1
github.com/LegacyCodeHQ/clarity/depgraph/languages/csharp/dependency_resolver_csharp.go:83.60,85.4 1 0
github.com/LegacyCodeHQ/clarity/depgraph/languages/csharp/dependency_resolver_csharp.go:86.3,87.36 2 1
github.com/LegacyCodeHQ/clarity/depgraph/languages/csharp/dependency_resolver_csharp.go:90.2,93.30 4 1
github.com/LegacyCodeHQ/clarity/depgraph/languages/csharp/dependency_resolver_csharp.go:93.30,95.17 2 1
github.com/LegacyCodeHQ/clarity/depgraph/languages/csharp/dependency_resolver_csharp.go:95.17,96.12 1 0
github.com/LegacyCodeHQ/clarity/depgraph/languages/csharp/dependency_resolver_csharp.go:100.3,100.65 1 1
github.com/LegacyCodeHQ/clarity/depgraph/languages/csharp/dependency_resolver_csharp.go:100.65,101.40 1 1
github.com/LegacyCodeHQ/clarity/depgraph/languages/csharp/dependency_resolver_csharp.go:101.40,102.27 1 1
github.com/LegacyCodeHQ/clarity/depgraph/languages/csharp/dependency_resolver_csharp.go:102.27,103.14 1 0
github.com/LegacyCodeHQ/clarity/depgraph/languages/csharp/dependency_resolver_csharp.go:105.5,106.24 2 1
github.com/LegacyCodeHQ/clarity/depgraph/languages/csharp/dependency_resolver_csharp.go:106.24,107.14 1 1
github.com/LegacyCodeHQ/clarity/depgraph/languages/csharp/dependency_resolver_csharp.go:109.5,110.30 2 1
github.com/LegacyCodeHQ/clarity/depgraph/languages/csharp/dependency_resolver_csharp.go:112.4,112.12 1 1
github.com/LegacyCodeHQ/clarity/depgraph/languages/csharp/dependency_resolver_csharp.go:116.3,117.45 2 0
github.com/LegacyCodeHQ/clarity/depgraph/languages/csharp/dependency_resolver_csharp.go:117.45,118.12 1 0
github.com/LegacyCodeHQ/clarity/depgraph/languages/csharp/dependency_resolver_csharp.go:120.3,123.49 4 0
github.com/LegacyCodeHQ/clarity/depgraph/languages/csharp/dependency_resolver_csharp.go:123.49,124.12 1 0
github.com/LegacyCodeHQ/clarity/depgraph/languages/csharp/dependency_resolver_csharp.go:126.3,128.22 3 0
github.com/LegacyCodeHQ/clarity/depgraph/languages/csharp/dependency_resolver_csharp.go:128.22,129.12 1 0
github.com/LegacyCodeHQ/clarity/depgraph/languages/csharp/dependency_resolver_csharp.go:131.3,132.33 2 0
github.com/LegacyCodeHQ/clarity/depgraph/languages/csharp/dependency_resolver_csharp.go:136.2,136.51 1 1
github.com/LegacyCodeHQ/clarity/depgraph/languages/csharp/dependency_resolver_csharp.go:136.51,137.70 1 1
github.com/LegacyCodeHQ/clarity/depgraph/languages/csharp/dependency_resolver_csharp.go:137.70,138.40 1 1
github.com/LegacyCodeHQ/clarity/depgraph/languages/csharp/dependency_resolver_csharp.go:138.40,139.53 1 1
github.com/LegacyCodeHQ/clarity/depgraph/languages/csharp/dependency_resolver_csharp.go:139.53,140.14 1 1
github.com/LegacyCodeHQ/clarity/depgraph/languages/csharp/dependency_resolver_csharp.go:142.5,143.24 2 1
github.com/LegacyCodeHQ/clarity/depgraph/languages/csharp/dependency_resolver_csharp.go:143.24,144.14 1 1
github.com/LegacyCodeHQ/clarity/depgraph/languages/csharp/dependency_resolver_csharp.go:146.5,147.30 2 0
github.com/LegacyCodeHQ/clarity/depgraph/languages/csharp/dependency_resolver_csharp.go:155.2,156.43 2 1
github.com/LegacyCodeHQ/clarity/depgraph/languages/csharp/dependency_resolver_csharp.go:156.43,157.40 1 1
github.com/LegacyCodeHQ/clarity/depgraph/languages/csharp/dependency_resolver_csharp.go:157.40,159.4 1 1
github.com/LegacyCodeHQ/clarity/depgraph/languages/csharp/dependency_resolver_csharp.go:161.2,161.38 1 1
github.com/LegacyCodeHQ/clarity/depgraph/languages/csharp/dependency_resolver_csharp.go:161.38,162.73 1 1
github.com/LegacyCodeHQ/clarity/depgraph/languages/csharp/dependency_resolver_csharp.go:162.73,163.12 1 1
github.com/LegacyCodeHQ/clarity/depgraph/languages/csharp/dependency_resolver_csharp.go:165.3,166.22 2 1
github.com/LegacyCodeHQ/clarity/depgraph/languages/csharp/dependency_resolver_csharp.go:166.22,167.12 1 1
github.com/LegacyCodeHQ/clarity/depgraph/languages/csharp/dependency_resolver_csharp.go:169.3,169.19 1 1
github.com/LegacyCodeHQ/clarity/depgraph/languages/csharp/dependency_resolver_csharp.go:172.2,173.22 2 1
github.com/LegacyCodeHQ/clarity/depgraph/languages/csharp/dependency_resolver_csharp.go:176.51,178.6 2 1
github.com/LegacyCodeHQ/clarity/depgraph/languages/csharp/dependency_resolver_csharp.go:178.6,180.17 2 1
github.com/LegacyCodeHQ/clarity/depgraph/languages/csharp/dependency_resolver_csharp.go:180.17,181.34 1 1
github.com/LegacyCodeHQ/clarity/depgraph/languages/csharp/dependency_resolver_csharp.go:181.34,182.22 1 1
github.com/LegacyCodeHQ/clarity/depgraph/languages/csharp/dependency_resolver_csharp.go:182.22,183.14 1 1
github.com/LegacyCodeHQ/clarity/depgraph/languages/csharp/dependency_resolver_csharp.go:185.5,185.51 1 1
github.com/LegacyCodeHQ/clarity/depgraph/languages/csharp/dependency_resolver_csharp.go:185.51,187.6 1 1
github.com/LegacyCodeHQ/clarity/depgraph/languages/csharp/dependency_resolver_csharp.go:191.3,192.20 2 1
github.com/LegacyCodeHQ/clarity/depgraph/languages/csharp/dependency_resolver_csharp.go:192.20,193.9 1 1
github.com/LegacyCodeHQ/clarity/depgraph/languages/csharp/dependency_resolver_csharp.go:195.3,195.15 1 1
github.com/LegacyCodeHQ/clarity/depgraph/languages/csharp/dependency_resolver_csharp.go:197.2,197.31 1 1
github.com/LegacyCodeHQ/clarity/depgraph/languages/csharp/dependency_resolver_csharp.go:200.47,202.2 1 1
github.com/LegacyCodeHQ/clarity/depgraph/languages/csharp/dependency_resolver_csharp.go:204.46,205.22 1 1
github.com/LegacyCodeHQ/clarity/depgraph/languages/csharp/dependency_resolver_csharp.go:205.22,207.3 1 1
github.com/LegacyCodeHQ/clarity/depgraph/languages/csharp/dependency_resolver_csharp.go:208.2,210.31 3 1
github.com/LegacyCodeHQ/clarity/depgraph/languages/csharp/dependency_resolver_csharp.go:210.31,211.18 1 1
github.com/LegacyCodeHQ/clarity/depgraph/languages/csharp/dependency_resolver_csharp.go:211.18,212.12 1 0
github.com/LegacyCodeHQ/clarity/depgraph/languages/csharp/dependency_resolver_csharp.go:214.3,215.27 2 1
github.com/LegacyCodeHQ/clarity/depgraph/languages/csharp/dependency_resolver_csharp.go:217.2,217.12 1 1
github.com/LegacyCodeHQ/clarity/depgraph/languages/csharp/dependency_resolver_csharp.go:220.58,221.31 1 0
github.com/LegacyCodeHQ/clarity/depgraph/languages/csharp/dependency_resolver_csharp.go:221.31,222.22 1 0
github.com/LegacyCodeHQ/clarity/depgraph/languages/csharp/dependency_resolver_csharp.go:222.22,224.4 1 0
github.com/LegacyCodeHQ/clarity/depgraph/languages/csharp/dependency_resolver_csharp.go:226.2,226.14 1 0
github.com/LegacyCodeHQ/clarity/depgraph/languages/csharp/module_csharp.go:10.29,12.2 1 0
github.com/LegacyCodeHQ/clarity/depgraph/languages/csharp/module_csharp.go:14.37,16.2 1 0
github.com/LegacyCodeHQ/clarity/depgraph/languages/csharp/module_csharp.go:18.50,20.2 1 0
github.com/LegacyCodeHQ/clarity/depgraph/languages/csharp/module_csharp.go:22.103,32.2 2 0
github.com/LegacyCodeHQ/clarity/depgraph/languages/csharp/module_csharp.go:34.69,36.2 1 0
github.com/LegacyCodeHQ/clarity/depgraph/languages/csharp/module_csharp.go:47.90,57.2 1 0
github.com/LegacyCodeHQ/clarity/depgraph/languages/csharp/module_csharp.go:59.56,61.2 1 0
github.com/LegacyCodeHQ/clarity/depgraph/languages/csharp/parser_csharp.go:18.19,22.4 3 1
github.com/LegacyCodeHQ/clarity/depgraph/languages/csharp/parser_csharp.go:32.61,34.16 2 1
github.com/LegacyCodeHQ/clarity/depgraph/languages/csharp/parser_csharp.go:34.16,36.3 1 0
github.com/LegacyCodeHQ/clarity/depgraph/languages/csharp/parser_csharp.go:38.2,38.52 1 1
github.com/LegacyCodeHQ/clarity/depgraph/languages/csharp/parser_csharp.go:42.55,45.16 3 1
github.com/LegacyCodeHQ/clarity/depgraph/languages/csharp/parser_csharp.go:45.16,47.3 1 0
github.com/LegacyCodeHQ/clarity/depgraph/languages/csharp/parser_csharp.go:48.2,50.60 2 1
github.com/LegacyCodeHQ/clarity/depgraph/languages/csharp/parser_csharp.go:53.71,55.19 2 1
github.com/LegacyCodeHQ/clarity/depgraph/languages/csharp/parser_csharp.go:55.19,58.3 2 0
github.com/LegacyCodeHQ/clarity/depgraph/languages/csharp/parser_csharp.go:59.2,60.16 2 1
github.com/LegacyCodeHQ/clarity/depgraph/languages/csharp/parser_csharp.go:60.16,63.3 2 0
github.com/LegacyCodeHQ/clarity/depgraph/languages/csharp/parser_csharp.go:64.2,64.20 1 1
github.com/LegacyCodeHQ/clarity/depgraph/languages/csharp/parser_csharp.go:64.20,67.3 2 1
github.com/LegacyCodeHQ/clarity/depgraph/languages/csharp/parser_csharp.go:68.2,68.27 1 1
github.com/LegacyCodeHQ/clarity/depgraph/languages/csharp/parser_csharp.go:71.82,73.17 2 1
github.com/LegacyCodeHQ/clarity/depgraph/languages/csharp/parser_csharp.go:73.17,75.3 1 0
github.com/LegacyCodeHQ/clarity/depgraph/languages/csharp/parser_csharp.go:77.2,78.33 2 1
github.com/LegacyCodeHQ/clarity/depgraph/languages/csharp/parser_csharp.go:78.33,79.18 1 1
github.com/LegacyCodeHQ/clarity/depgraph/languages/csharp/parser_csharp.go:79.18,81.4 1 0
github.com/LegacyCodeHQ/clarity/depgraph/languages/csharp/parser_csharp.go:82.3,82.39 1 1
github.com/LegacyCodeHQ/clarity/depgraph/languages/csharp/parser_csharp.go:82.39,84.18 2 1
github.com/LegacyCodeHQ/clarity/depgraph/languages/csharp/parser_csharp.go:84.18,86.5 1 1
github.com/LegacyCodeHQ/clarity/depgraph/languages/csharp/parser_csharp.go:87.4,87.10 1 1
github.com/LegacyCodeHQ/clarity/depgraph/languages/csharp/parser_csharp.go:89.3,89.52 1 1
github.com/LegacyCodeHQ/clarity/depgraph/languages/csharp/parser_csharp.go:89.52,91.4 1 1
github.com/LegacyCodeHQ/clarity/depgraph/languages/csharp/parser_csharp.go:93.2,95.16 2 1
github.com/LegacyCodeHQ/clarity/depgraph/languages/csharp/parser_csharp.go:98.73,99.22 1 1
github.com/LegacyCodeHQ/clarity/depgraph/languages/csharp/parser_csharp.go:99.22,101.3 1 0
github.com/LegacyCodeHQ/clarity/depgraph/languages/csharp/parser_csharp.go:103.2,104.56 2 1
github.com/LegacyCodeHQ/clarity/depgraph/languages/csharp/parser_csharp.go:104.56,106.19 2 1
github.com/LegacyCodeHQ/clarity/depgraph/languages/csharp/parser_csharp.go:106.19,107.12 1 0
github.com/LegacyCodeHQ/clarity/depgraph/languages/csharp/parser_csharp.go:110.3,110.23 1 1
github.com/LegacyCodeHQ/clarity/depgraph/languages/csharp/parser_csharp.go:111.49,112.55 1 1
github.com/LegacyCodeHQ/clarity/depgraph/languages/csharp/parser_csharp.go:113.21,115.18 2 1
github.com/LegacyCodeHQ/clarity/depgraph/languages/csharp/parser_csharp.go:115.18,117.5 1 1
github.com/LegacyCodeHQ/clarity/depgraph/languages/csharp/parser_csharp.go:120.2,120.17 1 1
github.com/LegacyCodeHQ/clarity/depgraph/languages/csharp/parser_csharp.go:123.63,126.29 3 0
github.com/LegacyCodeHQ/clarity/depgraph/languages/csharp/parser_csharp.go:126.29,128.79 2 0
github.com/LegacyCodeHQ/clarity/depgraph/languages/csharp/parser_csharp.go:128.79,129.12 1 0
github.com/LegacyCodeHQ/clarity/depgraph/languages/csharp/parser_csharp.go:131.3,134.51 4 0
github.com/LegacyCodeHQ/clarity/depgraph/languages/csharp/parser_csharp.go:134.51,136.4 1 0
github.com/LegacyCodeHQ/clarity/depgraph/languages/csharp/parser_csharp.go:137.3,138.59 2 0
github.com/LegacyCodeHQ/clarity/depgraph/languages/csharp/parser_csharp.go:138.59,139.12 1 0
github.com/LegacyCodeHQ/clarity/depgraph/languages/csharp/parser_csharp.go:141.3,141.59 1 0
github.com/LegacyCodeHQ/clarity/depgraph/languages/csharp/parser_csharp.go:143.2,143.16 1 0
github.com/LegacyCodeHQ/clarity/depgraph/languages/csharp/parser_csharp.go:149.49,152.16 3 1
github.com/LegacyCodeHQ/clarity/depgraph/languages/csharp/parser_csharp.go:152.16,155.22 3 1
github.com/LegacyCodeHQ/clarity/depgraph/languages/csharp/parser_csharp.go:155.22,157.4 1 1
github.com/LegacyCodeHQ/clarity/depgraph/languages/csharp/parser_csharp.go:159.2,160.146 2 1
github.com/LegacyCodeHQ/clarity/depgraph/languages/csharp/parser_csharp.go:160.146,162.3 1 0
github.com/LegacyCodeHQ/clarity/depgraph/languages/csharp/parser_csharp.go:163.2,163.11 1 1
github.com/LegacyCodeHQ/clarity/depgraph/languages/csharp/parser_csharp.go:167.59,170.16 3 1
github.com/LegacyCodeHQ/clarity/depgraph/languages/csharp/parser_csharp.go:170.16,173.3 2 1
github.com/LegacyCodeHQ/clarity/depgraph/languages/csharp/parser_csharp.go:175.2,180.83 5 0
github.com/LegacyCodeHQ/clarity/depgraph/languages/csharp/parser_csharp.go:180.83,181.21 1 0
github.com/LegacyCodeHQ/clarity/depgraph/languages/csharp/parser_csharp.go:181.21,182.12 1 0
github.com/LegacyCodeHQ/clarity/depgraph/languages/csharp/parser_csharp.go:184.3,185.31 2 0
github.com/LegacyCodeHQ/clarity/depgraph/languages/csharp/parser_csharp.go:185.31,186.12 1 0
github.com/LegacyCodeHQ/clarity/depgraph/languages/csharp/parser_csharp.go:188.3,189.30 2 0
github.com/LegacyCodeHQ/clarity/depgraph/languages/csharp/parser_csharp.go:192.2,193.87 2 0
github.com/LegacyCodeHQ/clarity/depgraph/languages/csharp/parser_csharp.go:193.87,194.21 1 0
github.com/LegacyCodeHQ/clarity/depgraph/languages/csharp/parser_csharp.go:194.21,195.12 1 0
github.com/LegacyCodeHQ/clarity/depgraph/languages/csharp/parser_csharp.go:197.3,198.31 2 0
github.com/LegacyCodeHQ/clarity/depgraph/languages/csharp/parser_csharp.go:198.31,199.12 1 0
github.com/LegacyCodeHQ/clarity/depgraph/languages/csharp/parser_csharp.go:201.3,202.30 2 0
github.com/LegacyCodeHQ/clarity/depgraph/languages/csharp/parser_csharp.go:205.2,205.14 1 0
github.com/LegacyCodeHQ/clarity/depgraph/languages/csharp/parser_csharp.go:208.68,209.17 1 1
github.com/LegacyCodeHQ/clarity/depgraph/languages/csharp/parser_csharp.go:209.17,211.3 1 0
github.com/LegacyCodeHQ/clarity/depgraph/languages/csharp/parser_csharp.go:212.2,212.51 1 1
github.com/LegacyCodeHQ/clarity/depgraph/languages/csharp/parser_csharp.go:212.51,214.19 2 1
github.com/LegacyCodeHQ/clarity/depgraph/languages/csharp/parser_csharp.go:214.19,215.12 1 0
github.com/LegacyCodeHQ/clarity/depgraph/languages/csharp/parser_csharp.go:217.3,217.101 1 1
github.com/LegacyCodeHQ/clarity/depgraph/languages/csharp/parser_csharp.go:217.101,218.12 1 1
github.com/LegacyCodeHQ/clarity/depgraph/languages/csharp/parser_csharp.go:220.3,220.53 1 1
github.com/LegacyCodeHQ/clarity/depgraph/languages/csharp/parser_csharp.go:220.53,222.17 2 1
github.com/LegacyCodeHQ/clarity/depgraph/languages/csharp/parser_csharp.go:222.17,223.13 1 0
github.com/LegacyCodeHQ/clarity/depgraph/languages/csharp/parser_csharp.go:225.4,225.66 1 1
github.com/LegacyCodeHQ/clarity/depgraph/languages/csharp/parser_csharp.go:225.66,227.5 1 1
github.com/LegacyCodeHQ/clarity/depgraph/languages/csharp/parser_csharp.go:230.2,230.11 1 1
github.com/LegacyCodeHQ/clarity/depgraph/languages/csharp/parser_csharp.go:233.78,254.33 6 1
github.com/LegacyCodeHQ/clarity/depgraph/languages/csharp/parser_csharp.go:254.33,255.18 1 1
github.com/LegacyCodeHQ/clarity/depgraph/languages/csharp/parser_csharp.go:255.18,257.4 1 0
github.com/LegacyCodeHQ/clarity/depgraph/languages/csharp/parser_csharp.go:258.3,258.80 1 1
github.com/LegacyCodeHQ/clarity/depgraph/languages/csharp/parser_csharp.go:258.80,259.83 1 1
github.com/LegacyCodeHQ/clarity/depgraph/languages/csharp/parser_csharp.go:259.83,262.5 2 1
github.com/LegacyCodeHQ/clarity/depgraph/languages/csharp/parser_csharp.go:264.3,264.52 1 1
github.com/LegacyCodeHQ/clarity/depgraph/languages/csharp/parser_csharp.go:264.52,266.4 1 1
github.com/LegacyCodeHQ/clarity/depgraph/languages/csharp/parser_csharp.go:268.2,270.14 2 1
github.com/LegacyCodeHQ/clarity/depgraph/languages/csharp/parser_csharp.go:273.88,274.51 1 1
github.com/LegacyCodeHQ/clarity/depgraph/languages/csharp/parser_csharp.go:274.51,275.35 1 1
github.com/LegacyCodeHQ/clarity/depgraph/languages/csharp/parser_csharp.go:275.35,277.4 1 1
github.com/LegacyCodeHQ/clarity/depgraph/languages/csharp/parser_csharp.go:279.2,279.13 1 1
github.com/LegacyCodeHQ/clarity/depgraph/languages/csharp/parser_csharp.go:282.74,283.17 1 1
github.com/LegacyCodeHQ/clarity/depgraph/languages/csharp/parser_csharp.go:283.17,285.3 1 0
github.com/LegacyCodeHQ/clarity/depgraph/languages/csharp/parser_csharp.go:286.2,286.58 1 1
github.com/LegacyCodeHQ/clarity/depgraph/languages/csharp/parser_csharp.go:286.58,288.3 1 1
github.com/LegacyCodeHQ/clarity/depgraph/languages/csharp/parser_csharp.go:289.2,289.51 1 0
github.com/LegacyCodeHQ/clarity/depgraph/languages/csharp/parser_csharp.go:289.51,291.51 2 0
github.com/LegacyCodeHQ/clarity/depgraph/languages/csharp/parser_csharp.go:291.51,293.4 1 0
github.com/LegacyCodeHQ/clarity/depgraph/languages/csharp/parser_csharp.go:295.2,295.11 1 0
github.com/LegacyCodeHQ/clarity/depgraph/languages/csharp/parser_csharp.go:299.59,302.16 3 1
github.com/LegacyCodeHQ/clarity/depgraph/languages/csharp/parser_csharp.go:302.16,305.27 3 1
github.com/LegacyCodeHQ/clarity/depgraph/languages/csharp/parser_csharp.go:305.27,307.4 1 1
github.com/LegacyCodeHQ/clarity/depgraph/languages/csharp/parser_csharp.go:310.2,312.23 3 1
github.com/LegacyCodeHQ/clarity/depgraph/languages/csharp/parser_csharp.go:312.23,314.3 1 0
github.com/LegacyCodeHQ/clarity/depgraph/languages/csharp/parser_csharp.go:316.2,318.32 3 1
github.com/LegacyCodeHQ/clarity/depgraph/languages/csharp/parser_csharp.go:318.32,319.18 1 1
github.com/LegacyCodeHQ/clarity/depgraph/languages/csharp/parser_csharp.go:319.18,320.12 1 0
github.com/LegacyCodeHQ/clarity/depgraph/languages/csharp/parser_csharp.go:322.3,323.43 2 1
github.com/LegacyCodeHQ/clarity/depgraph/languages/csharp/parser_csharp.go:325.2,325.20 1 1
github.com/LegacyCodeHQ/clarity/depgraph/languages/csharp/parser_csharp.go:328.84,329.17 1 1
github.com/LegacyCodeHQ/clarity/depgraph/languages/csharp/parser_csharp.go:329.17,331.3 1 0
github.com/LegacyCodeHQ/clarity/depgraph/languages/csharp/parser_csharp.go:333.2,335.27 3 1
github.com/LegacyCodeHQ/clarity/depgraph/languages/csharp/parser_csharp.go:335.27,336.17 1 1
github.com/LegacyCodeHQ/clarity/depgraph/languages/csharp/parser_csharp.go:336.17,338.4 1 0
github.com/LegacyCodeHQ/clarity/depgraph/languages/csharp/parser_csharp.go:339.3,339.32 1 1
github.com/LegacyCodeHQ/clarity/depgraph/languages/csharp/parser_csharp.go:339.32,341.4 1 0
github.com/LegacyCodeHQ/clarity/depgraph/languages/csharp/parser_csharp.go:342.3,342.17 1 1
github.com/LegacyCodeHQ/clarity/depgraph/languages/csharp/parser_csharp.go:342.17,344.4 1 1
github.com/LegacyCodeHQ/clarity/depgraph/languages/csharp/parser_csharp.go:345.3,346.26 2 1
github.com/LegacyCodeHQ/clarity/depgraph/languages/csharp/parser_csharp.go:349.2,350.45 2 1
github.com/LegacyCodeHQ/clarity/depgraph/languages/csharp/parser_csharp.go:350.45,351.18 1 1
github.com/LegacyCodeHQ/clarity/depgraph/languages/csharp/parser_csharp.go:351.18,353.4 1 0
github.com/LegacyCodeHQ/clarity/depgraph/languages/csharp/parser_csharp.go:355.3,355.22 1 1
github.com/LegacyCodeHQ/clarity/depgraph/languages/csharp/parser_csharp.go:356.21,358.10 2 1
github.com/LegacyCodeHQ/clarity/depgraph/languages/csharp/parser_csharp.go:359.49,361.53 2 0
github.com/LegacyCodeHQ/clarity/depgraph/languages/csharp/parser_csharp.go:361.53,363.53 2 0
github.com/LegacyCodeHQ/clarity/depgraph/languages/csharp/parser_csharp.go:363.53,364.14 1 0
github.com/LegacyCodeHQ/clarity/depgraph/languages/csharp/parser_csharp.go:366.5,366.56 1 0
github.com/LegacyCodeHQ/clarity/depgraph/languages/csharp/parser_csharp.go:368.4,369.10 2 0
github.com/LegacyCodeHQ/clarity/depgraph/languages/csharp/parser_csharp.go:370.23,371.53 1 1
github.com/LegacyCodeHQ/clarity/depgraph/languages/csharp/parser_csharp.go:371.53,373.21 2 1
github.com/LegacyCodeHQ/clarity/depgraph/languages/csharp/parser_csharp.go:373.21,374.14 1 0
github.com/LegacyCodeHQ/clarity/depgraph/languages/csharp/parser_csharp.go:378.5,378.45 1 1
github.com/LegacyCodeHQ/clarity/depgraph/languages/csharp/parser_csharp.go:378.45,380.6 1 1
github.com/LegacyCodeHQ/clarity/depgraph/languages/csharp/parser_csharp.go:382.4,382.10 1 1
github.com/LegacyCodeHQ/clarity/depgraph/languages/csharp/parser_csharp.go:383.115,384.53 1 1
github.com/LegacyCodeHQ/clarity/depgraph/languages/csharp/parser_csharp.go:384.53,386.5 1 1
github.com/LegacyCodeHQ/clarity/depgraph/languages/csharp/parser_csharp.go:387.4,387.10 1 1
github.com/LegacyCodeHQ/clarity/depgraph/languages/csharp/parser_csharp.go:391.2,391.50 1 1
github.com/LegacyCodeHQ/clarity/depgraph/languages/csharp/parser_csharp.go:391.50,392.18 1 1
github.com/LegacyCodeHQ/clarity/depgraph/languages/csharp/parser_csharp.go:392.18,394.4 1 0
github.com/LegacyCodeHQ/clarity/depgraph/languages/csharp/parser_csharp.go:395.3,395.25 1 1
github.com/LegacyCodeHQ/clarity/depgraph/languages/csharp/parser_csharp.go:398.2,399.33 2 1
github.com/LegacyCodeHQ/clarity/depgraph/languages/csharp/parser_csharp.go:399.33,400.18 1 1
github.com/LegacyCodeHQ/clarity/depgraph/languages/csharp/parser_csharp.go:400.18,402.4 1 0
github.com/LegacyCodeHQ/clarity/depgraph/languages/csharp/parser_csharp.go:404.3,404.22 1 1
github.com/LegacyCodeHQ/clarity/depgraph/languages/csharp/parser_csharp.go:405.20,406.53 1 0
github.com/LegacyCodeHQ/clarity/depgraph/languages/csharp/parser_csharp.go:406.53,408.5 1 0
github.com/LegacyCodeHQ/clarity/depgraph/languages/csharp/parser_csharp.go:409.31,410.44 1 1
github.com/LegacyCodeHQ/clarity/depgraph/languages/csharp/parser_csharp.go:411.20,412.44 1 1
github.com/LegacyCodeHQ/clarity/depgraph/languages/csharp/parser_csharp.go:413.29,414.44 1 1
github.com/LegacyCodeHQ/clarity/depgraph/languages/csharp/parser_csharp.go:415.31,416.44 1 1
github.com/LegacyCodeHQ/clarity/depgraph/languages/csharp/parser_csharp.go:417.30,418.44 1 0
github.com/LegacyCodeHQ/clarity/depgraph/languages/csharp/parser_csharp.go:419.66,420.44 1 0
github.com/LegacyCodeHQ/clarity/depgraph/languages/csharp/parser_csharp.go:421.37,422.44 1 1
github.com/LegacyCodeHQ/clarity/depgraph/languages/csharp/parser_csharp.go:423.35,424.44 1 1
github.com/LegacyCodeHQ/clarity/depgraph/languages/csharp/parser_csharp.go:425.169,426.44 1 0
github.com/LegacyCodeHQ/clarity/depgraph/languages/csharp/parser_csharp.go:429.3,429.52 1 1
github.com/LegacyCodeHQ/clarity/depgraph/languages/csharp/parser_csharp.go:429.52,431.4 1 1
github.com/LegacyCodeHQ/clarity/depgraph/languages/csharp/parser_csharp.go:434.2,435.12 2 1
github.com/LegacyCodeHQ/clarity/depgraph/languages/csharp/parser_csharp.go:438.44,439.14 1 1
github.com/LegacyCodeHQ/clarity/depgraph/languages/csharp/parser_csharp.go:441.77,442.14 1 0
github.com/LegacyCodeHQ/clarity/depgraph/languages/csharp/parser_csharp.go:443.10,444.15 1 1
github.com/LegacyCodeHQ/clarity/depgraph/languages/csharp/parser_csharp.go:448.48,450.2 1 1
github.com/LegacyCodeHQ/clarity/depgraph/languages/csharp/parser_csharp.go:452.58,454.2 1 1
github.com/LegacyCodeHQ/clarity/depgraph/languages/csharp/parser_csharp.go:456.59,465.35 7 1
github.com/LegacyCodeHQ/clarity/depgraph/languages/csharp/parser_csharp.go:465.35,468.24 3 1
github.com/LegacyCodeHQ/clarity/depgraph/languages/csharp/parser_csharp.go:468.24,470.4 1 1
github.com/LegacyCodeHQ/clarity/depgraph/languages/csharp/parser_csharp.go:472.3,472.20 1 1
github.com/LegacyCodeHQ/clarity/depgraph/languages/csharp/parser_csharp.go:472.20,473.18 1 0
github.com/LegacyCodeHQ/clarity/depgraph/languages/csharp/parser_csharp.go:473.18,476.5 2 0
github.com/LegacyCodeHQ/clarity/depgraph/languages/csharp/parser_csharp.go:477.4,477.12 1 0
github.com/LegacyCodeHQ/clarity/depgraph/languages/csharp/parser_csharp.go:479.3,479.21 1 1
github.com/LegacyCodeHQ/clarity/depgraph/languages/csharp/parser_csharp.go:479.21,480.32 1 0
github.com/LegacyCodeHQ/clarity/depgraph/languages/csharp/parser_csharp.go:480.32,483.5 2 0
github.com/LegacyCodeHQ/clarity/depgraph/languages/csharp/parser_csharp.go:484.4,484.12 1 0
github.com/LegacyCodeHQ/clarity/depgraph/languages/csharp/parser_csharp.go:486.3,486.31 1 1
github.com/LegacyCodeHQ/clarity/depgraph/languages/csharp/parser_csharp.go:486.31,487.31 1 0
github.com/LegacyCodeHQ/clarity/depgraph/languages/csharp/parser_csharp.go:487.31,489.13 2 0
github.com/LegacyCodeHQ/clarity/depgraph/languages/csharp/parser_csharp.go:491.4,491.17 1 0
github.com/LegacyCodeHQ/clarity/depgraph/languages/csharp/parser_csharp.go:491.17,493.5 1 0
github.com/LegacyCodeHQ/clarity/depgraph/languages/csharp/parser_csharp.go:494.4,494.12 1 0
github.com/LegacyCodeHQ/clarity/depgraph/languages/csharp/parser_csharp.go:496.3,496.39 1 1
github.com/LegacyCodeHQ/clarity/depgraph/languages/csharp/parser_csharp.go:496.39,497.17 1 0
github.com/LegacyCodeHQ/clarity/depgraph/languages/csharp/parser_csharp.go:497.17,498.20 1 0
github.com/LegacyCodeHQ/clarity/depgraph/languages/csharp/parser_csharp.go:498.20,500.14 2 0
github.com/LegacyCodeHQ/clarity/depgraph/languages/csharp/parser_csharp.go:502.5,502.29 1 0
github.com/LegacyCodeHQ/clarity/depgraph/languages/csharp/parser_csharp.go:504.4,504.12 1 0
github.com/LegacyCodeHQ/clarity/depgraph/languages/csharp/parser_csharp.go:507.3,507.31 1 1
github.com/LegacyCodeHQ/clarity/depgraph/languages/csharp/parser_csharp.go:507.31,510.12 3 0
github.com/LegacyCodeHQ/clarity/depgraph/languages/csharp/parser_csharp.go:512.3,512.31 1 1
github.com/LegacyCodeHQ/clarity/depgraph/languages/csharp/parser_csharp.go:512.31,515.12 3 0
github.com/LegacyCodeHQ/clarity/depgraph/languages/csharp/parser_csharp.go:518.3,518.19 1 1
github.com/LegacyCodeHQ/clarity/depgraph/languages/csharp/parser_csharp.go:518.19,519.32 1 1
github.com/LegacyCodeHQ/clarity/depgraph/languages/csharp/parser_csharp.go:519.32,522.13 3 0
github.com/LegacyCodeHQ/clarity/depgraph/languages/csharp/parser_csharp.go:524.4,524.17 1 1
github.com/LegacyCodeHQ/clarity/depgraph/languages/csharp/parser_csharp.go:524.17,526.13 2 0
github.com/LegacyCodeHQ/clarity/depgraph/languages/csharp/parser_csharp.go:530.3,530.18 1 1
github.com/LegacyCodeHQ/clarity/depgraph/languages/csharp/parser_csharp.go:533.2,533.19 1 1
github.com/LegacyCodeHQ/clarity/depgraph/languages/csharp/test_file_csharp.go:9.39,12.18 3 0
github.com/LegacyCodeHQ/clarity/depgraph/languages/csharp/test_file_csharp.go:12.18,14.3 1 0
github.com/LegacyCodeHQ/clarity/depgraph/languages/csharp/test_file_csharp.go:16.2,17.73 2 0
github.com/LegacyCodeHQ/clarity/depgraph/languages/csharp/test_file_csharp.go:17.73,19.3 1 0
github.com/LegacyCodeHQ/clarity/depgraph/languages/csharp/test_file_csharp.go:21.2,22.78 2 0
github.com/LegacyCodeHQ/clarity/depgraph/languages/python/dependency_resolver_python.go:15.21,17.16 2 0
github.com/LegacyCodeHQ/clarity/depgraph/languages/python/dependency_resolver_python.go:17.16,19.3 1 0
github.com/LegacyCodeHQ/clarity/depgraph/languages/python/dependency_resolver_python.go:21.2,22.21 2 0
github.com/LegacyCodeHQ/clarity/depgraph/languages/python/dependency_resolver_python.go:22.21,24.3 1 0
github.com/LegacyCodeHQ/clarity/depgraph/languages/python/dependency_resolver_python.go:26.2,27.30 2 0
github.com/LegacyCodeHQ/clarity/depgraph/languages/python/dependency_resolver_python.go:27.30,32.3 4 0
github.com/LegacyCodeHQ/clarity/depgraph/languages/python/dependency_resolver_python.go:34.2,34.28 1 0
github.com/LegacyCodeHQ/clarity/depgraph/languages/python/module_python.go:10.29,12.2 1 0
github.com/LegacyCodeHQ/clarity/depgraph/languages/python/module_python.go:14.37,16.2 1 0
github.com/LegacyCodeHQ/clarity/depgraph/languages/python/module_python.go:18.50,20.2 1 0
github.com/LegacyCodeHQ/clarity/depgraph/languages/python/module_python.go:22.103,24.2 1 0
github.com/LegacyCodeHQ/clarity/depgraph/languages/python/module_python.go:26.69,28.2 1 0
github.com/LegacyCodeHQ/clarity/depgraph/languages/python/module_python.go:35.90,37.2 1 0
github.com/LegacyCodeHQ/clarity/depgraph/languages/python/module_python.go:39.56,41.2 1 0
github.com/LegacyCodeHQ/clarity/depgraph/languages/python/parser_python.go:20.19,24.4 3 0
github.com/LegacyCodeHQ/clarity/depgraph/languages/python/parser_python.go:40.39,42.2 1 1
github.com/LegacyCodeHQ/clarity/depgraph/languages/python/parser_python.go:44.43,46.2 1 0
github.com/LegacyCodeHQ/clarity/depgraph/languages/python/parser_python.go:54.39,56.2 1 1
github.com/LegacyCodeHQ/clarity/depgraph/languages/python/parser_python.go:58.43,60.2 1 0
github.com/LegacyCodeHQ/clarity/depgraph/languages/python/parser_python.go:63.76,64.40 1 1
github.com/LegacyCodeHQ/clarity/depgraph/languages/python/parser_python.go:64.40,66.3 1 1
github.com/LegacyCodeHQ/clarity/depgraph/languages/python/parser_python.go:68.2,68.65 1 1
github.com/LegacyCodeHQ/clarity/depgraph/languages/python/parser_python.go:73.64,75.78 1 1
github.com/LegacyCodeHQ/clarity/depgraph/languages/python/parser_python.go:75.78,77.3 1 0
github.com/LegacyCodeHQ/clarity/depgraph/languages/python/parser_python.go:79.2,82.25 3 1
github.com/LegacyCodeHQ/clarity/depgraph/languages/python/parser_python.go:82.25,85.13 3 1
github.com/LegacyCodeHQ/clarity/depgraph/languages/python/parser_python.go:85.13,88.4 2 0
github.com/LegacyCodeHQ/clarity/depgraph/languages/python/parser_python.go:88.9,91.4 2 1
github.com/LegacyCodeHQ/clarity/depgraph/languages/python/parser_python.go:93.3,94.45 2 1
github.com/LegacyCodeHQ/clarity/depgraph/languages/python/parser_python.go:94.45,95.12 1 1
github.com/LegacyCodeHQ/clarity/depgraph/languages/python/parser_python.go:99.3,99.38 1 1
github.com/LegacyCodeHQ/clarity/depgraph/languages/python/parser_python.go:99.38,101.4 1 0
github.com/LegacyCodeHQ/clarity/depgraph/languages/python/parser_python.go:103.3,103.50 1 1
github.com/LegacyCodeHQ/clarity/depgraph/languages/python/parser_python.go:103.50,105.56 2 1
github.com/LegacyCodeHQ/clarity/depgraph/languages/python/parser_python.go:105.56,107.58 2 1
github.com/LegacyCodeHQ/clarity/depgraph/languages/python/parser_python.go:107.58,109.6 1 1
github.com/LegacyCodeHQ/clarity/depgraph/languages/python/parser_python.go:109.11,109.58 1 1
github.com/LegacyCodeHQ/clarity/depgraph/languages/python/parser_python.go:109.58,111.6 1 0
github.com/LegacyCodeHQ/clarity/depgraph/languages/python/parser_python.go:112.5,112.21 1 1
github.com/LegacyCodeHQ/clarity/depgraph/languages/python/parser_python.go:112.21,114.6 1 1
github.com/LegacyCodeHQ/clarity/depgraph/languages/python/parser_python.go:116.4,116.12 1 1
github.com/LegacyCodeHQ/clarity/depgraph/languages/python/parser_python.go:119.3,119.48 1 1
github.com/LegacyCodeHQ/clarity/depgraph/languages/python/parser_python.go:119.48,122.21 3 1
github.com/LegacyCodeHQ/clarity/depgraph/languages/python/parser_python.go:122.21,124.44 1 0
github.com/LegacyCodeHQ/clarity/depgraph/languages/python/parser_python.go:124.44,126.6 1 0
github.com/LegacyCodeHQ/clarity/depgraph/languages/python/parser_python.go:127.5,127.13 1 0
github.com/LegacyCodeHQ/clarity/depgraph/languages/python/parser_python.go:129.4,130.24 2 1
github.com/LegacyCodeHQ/clarity/depgraph/languages/python/parser_python.go:130.24,132.5 1 1
github.com/LegacyCodeHQ/clarity/depgraph/languages/python/parser_python.go:136.2,136.22 1 1
github.com/LegacyCodeHQ/clarity/depgraph/languages/python/parser_python.go:140.61,142.16 2 1
github.com/LegacyCodeHQ/clarity/depgraph/languages/python/parser_python.go:142.16,144.3 1 0
github.com/LegacyCodeHQ/clarity/depgraph/languages/python/parser_python.go:146.2,146.39 1 1
github.com/LegacyCodeHQ/clarity/depgraph/languages/python/parser_python.go:150.68,151.59 1 1
github.com/LegacyCodeHQ/clarity/depgraph/languages/python/parser_python.go:151.59,153.3 1 1
github.com/LegacyCodeHQ/clarity/depgraph/languages/python/parser_python.go:155.2,156.19 2 0
github.com/LegacyCodeHQ/clarity/depgraph/languages/python/parser_python.go:156.19,159.3 2 0
github.com/LegacyCodeHQ/clarity/depgraph/languages/python/parser_python.go:160.2,163.16 3 0
[...]
github.com/LegacyCodeHQ/clarity/depgraph/languages/golang/symbols_golang.go:497.18,499.13 1 0
github.com/LegacyCodeHQ/clarity/depgraph/languages/golang/symbols_golang.go:501.4,502.18 2 0
github.com/LegacyCodeHQ/clarity/depgraph/languages/golang/symbols_golang.go:502.18,504.13 1 0
github.com/LegacyCodeHQ/clarity/depgraph/languages/golang/symbols_golang.go:506.4,506.17 1 0
github.com/LegacyCodeHQ/clarity/depgraph/languages/golang/symbols_golang.go:509.3,509.42 1 1
github.com/LegacyCodeHQ/clarity/depgraph/languages/golang/symbols_golang.go:509.42,511.4 1 0
github.com/LegacyCodeHQ/clarity/depgraph/languages/golang/symbols_golang.go:511.9,513.4 1 1
github.com/LegacyCodeHQ/clarity/depgraph/languages/golang/symbols_golang.go:517.2,518.36 2 1
github.com/LegacyCodeHQ/clarity/depgraph/languages/golang/symbols_golang.go:518.36,519.36 1 1
github.com/LegacyCodeHQ/clarity/depgraph/languages/golang/symbols_golang.go:519.36,521.4 1 1
github.com/LegacyCodeHQ/clarity/depgraph/languages/golang/symbols_golang.go:524.2,525.58 2 1
github.com/LegacyCodeHQ/clarity/depgraph/languages/golang/symbols_golang.go:525.58,526.36 1 1
github.com/LegacyCodeHQ/clarity/depgraph/languages/golang/symbols_golang.go:526.36,528.4 1 1
github.com/LegacyCodeHQ/clarity/depgraph/languages/golang/symbols_golang.go:531.2,534.36 2 1
github.com/LegacyCodeHQ/clarity/depgraph/languages/golang/symbols_golang.go:534.36,536.39 2 1
github.com/LegacyCodeHQ/clarity/depgraph/languages/golang/symbols_golang.go:536.39,537.61 1 1
github.com/LegacyCodeHQ/clarity/depgraph/languages/golang/symbols_golang.go:537.61,538.43 1 0
github.com/LegacyCodeHQ/clarity/depgraph/languages/golang/symbols_golang.go:538.43,539.34 1 0
github.com/LegacyCodeHQ/clarity/depgraph/languages/golang/symbols_golang.go:539.34,541.7 1 0
github.com/LegacyCodeHQ/clarity/depgraph/languages/golang/symbols_golang.go:545.3,545.59 1 1
github.com/LegacyCodeHQ/clarity/depgraph/languages/golang/symbols_golang.go:549.2,549.33 1 1
github.com/LegacyCodeHQ/clarity/depgraph/languages/golang/symbols_golang.go:549.33,551.39 2 0
github.com/LegacyCodeHQ/clarity/depgraph/languages/golang/symbols_golang.go:551.39,552.57 1 0
github.com/LegacyCodeHQ/clarity/depgraph/languages/golang/symbols_golang.go:552.57,553.43 1 0
github.com/LegacyCodeHQ/clarity/depgraph/languages/golang/symbols_golang.go:553.43,554.34 1 0
github.com/LegacyCodeHQ/clarity/depgraph/languages/golang/symbols_golang.go:554.34,556.7 1 0
github.com/LegacyCodeHQ/clarity/depgraph/languages/golang/symbols_golang.go:560.3,560.59 1 0
github.com/LegacyCodeHQ/clarity/depgraph/languages/golang/symbols_golang.go:563.2,563.21 1 1
github.com/LegacyCodeHQ/clarity/depgraph/languages/golang/symbols_golang.go:566.58,568.24 2 1
github.com/LegacyCodeHQ/clarity/depgraph/languages/golang/symbols_golang.go:568.24,570.3 1 0
github.com/LegacyCodeHQ/clarity/depgraph/languages/golang/symbols_golang.go:571.2,571.17 1 1
github.com/LegacyCodeHQ/clarity/depgraph/languages/golang/test_file_glang.go:9.39,11.2 1 0
github.com/LegacyCodeHQ/clarity/depgraph/languages/ruby/dependency_resolver_ruby.go:15.21,17.16 2 1
github.com/LegacyCodeHQ/clarity/depgraph/languages/ruby/dependency_resolver_ruby.go:17.16,19.3 1 0
github.com/LegacyCodeHQ/clarity/depgraph/languages/ruby/dependency_resolver_ruby.go:21.2,22.21 2 1
github.com/LegacyCodeHQ/clarity/depgraph/languages/ruby/dependency_resolver_ruby.go:22.21,24.3 1 0
github.com/LegacyCodeHQ/clarity/depgraph/languages/ruby/dependency_resolver_ruby.go:26.2,29.30 3 1
github.com/LegacyCodeHQ/clarity/depgraph/languages/ruby/dependency_resolver_ruby.go:29.30,31.38 2 1
github.com/LegacyCodeHQ/clarity/depgraph/languages/ruby/dependency_resolver_ruby.go:31.38,32.23 1 0
github.com/LegacyCodeHQ/clarity/depgraph/languages/ruby/dependency_resolver_ruby.go:32.23,33.13 1 0
github.com/LegacyCodeHQ/clarity/depgraph/languages/ruby/dependency_resolver_ruby.go:35.4,35.31 1 0
github.com/LegacyCodeHQ/clarity/depgraph/languages/ruby/dependency_resolver_ruby.go:35.31,36.13 1 0
github.com/LegacyCodeHQ/clarity/depgraph/languages/ruby/dependency_resolver_ruby.go:38.4,39.49 2 0
github.com/LegacyCodeHQ/clarity/depgraph/languages/ruby/dependency_resolver_ruby.go:43.2,44.27 2 1
github.com/LegacyCodeHQ/clarity/depgraph/languages/ruby/dependency_resolver_ruby.go:44.27,46.41 2 1
github.com/LegacyCodeHQ/clarity/depgraph/languages/ruby/dependency_resolver_ruby.go:46.41,47.43 1 1
github.com/LegacyCodeHQ/clarity/depgraph/languages/ruby/dependency_resolver_ruby.go:47.43,49.5 1 1
github.com/LegacyCodeHQ/clarity/depgraph/languages/ruby/dependency_resolver_ruby.go:52.3,52.36 1 1
github.com/LegacyCodeHQ/clarity/depgraph/languages/ruby/dependency_resolver_ruby.go:52.36,54.39 2 1
github.com/LegacyCodeHQ/clarity/depgraph/languages/ruby/dependency_resolver_ruby.go:54.39,55.24 1 1
github.com/LegacyCodeHQ/clarity/depgraph/languages/ruby/dependency_resolver_ruby.go:55.24,56.14 1 0
github.com/LegacyCodeHQ/clarity/depgraph/languages/ruby/dependency_resolver_ruby.go:58.5,58.32 1 1
github.com/LegacyCodeHQ/clarity/depgraph/languages/ruby/dependency_resolver_ruby.go:58.32,59.14 1 0
github.com/LegacyCodeHQ/clarity/depgraph/languages/ruby/dependency_resolver_ruby.go:61.5,62.50 2 1
github.com/LegacyCodeHQ/clarity/depgraph/languages/ruby/dependency_resolver_ruby.go:67.2,67.28 1 1
github.com/LegacyCodeHQ/clarity/depgraph/languages/ruby/module_ruby.go:10.29,12.2 1 0
github.com/LegacyCodeHQ/clarity/depgraph/languages/ruby/module_ruby.go:14.37,16.2 1 1
github.com/LegacyCodeHQ/clarity/depgraph/languages/ruby/module_ruby.go:18.50,20.2 1 0
github.com/LegacyCodeHQ/clarity/depgraph/languages/ruby/module_ruby.go:22.103,24.2 1 1
github.com/LegacyCodeHQ/clarity/depgraph/languages/ruby/module_ruby.go:26.69,28.2 1 0
github.com/LegacyCodeHQ/clarity/depgraph/languages/ruby/module_ruby.go:35.90,37.2 1 1
github.com/LegacyCodeHQ/clarity/depgraph/languages/ruby/module_ruby.go:39.56,41.2 1 1
github.com/LegacyCodeHQ/clarity/depgraph/languages/ruby/parser_ruby.go:20.35,22.2 1 1
github.com/LegacyCodeHQ/clarity/depgraph/languages/ruby/parser_ruby.go:24.39,26.2 1 1
github.com/LegacyCodeHQ/clarity/depgraph/languages/ruby/parser_ruby.go:29.57,31.16 2 1
github.com/LegacyCodeHQ/clarity/depgraph/languages/ruby/parser_ruby.go:31.16,33.3 1 0
github.com/LegacyCodeHQ/clarity/depgraph/languages/ruby/parser_ruby.go:35.2,35.37 1 1
github.com/LegacyCodeHQ/clarity/depgraph/languages/ruby/parser_ruby.go:39.64,43.21 3 1
github.com/LegacyCodeHQ/clarity/depgraph/languages/ruby/parser_ruby.go:43.21,45.49 2 1
github.com/LegacyCodeHQ/clarity/depgraph/languages/ruby/parser_ruby.go:45.49,46.12 1 1
github.com/LegacyCodeHQ/clarity/depgraph/languages/ruby/parser_ruby.go:49.3,49.73 1 1
github.com/LegacyCodeHQ/clarity/depgraph/languages/ruby/parser_ruby.go:49.73,51.12 2 1
github.com/LegacyCodeHQ/clarity/depgraph/languages/ruby/parser_ruby.go:54.3,54.65 1 1
github.com/LegacyCodeHQ/clarity/depgraph/languages/ruby/parser_ruby.go:54.65,56.4 1 1
github.com/LegacyCodeHQ/clarity/depgraph/languages/ruby/parser_ruby.go:59.2,59.38 1 1
github.com/LegacyCodeHQ/clarity/depgraph/languages/ruby/parser_ruby.go:59.38,61.3 1 0
github.com/LegacyCodeHQ/clarity/depgraph/languages/ruby/parser_ruby.go:63.2,63.21 1 1
github.com/LegacyCodeHQ/clarity/depgraph/languages/ruby/parser_ruby.go:66.84,67.39 1 1
github.com/LegacyCodeHQ/clarity/depgraph/languages/ruby/parser_ruby.go:67.39,69.3 1 1
github.com/LegacyCodeHQ/clarity/depgraph/languages/ruby/parser_ruby.go:71.2,74.16 4 1
github.com/LegacyCodeHQ/clarity/depgraph/languages/ruby/parser_ruby.go:74.16,76.3 1 0
github.com/LegacyCodeHQ/clarity/depgraph/languages/ruby/parser_ruby.go:78.2,79.35 2 1
github.com/LegacyCodeHQ/clarity/depgraph/languages/ruby/parser_ruby.go:79.35,81.3 1 0
github.com/LegacyCodeHQ/clarity/depgraph/languages/ruby/parser_ruby.go:83.2,84.13 2 1
github.com/LegacyCodeHQ/clarity/depgraph/languages/ruby/parser_ruby.go:84.13,86.3 1 0
github.com/LegacyCodeHQ/clarity/depgraph/languages/ruby/parser_ruby.go:88.2,89.16 2 1
github.com/LegacyCodeHQ/clarity/depgraph/languages/ruby/parser_ruby.go:89.16,91.3 1 0
github.com/LegacyCodeHQ/clarity/depgraph/languages/ruby/parser_ruby.go:93.2,93.61 1 1
github.com/LegacyCodeHQ/clarity/depgraph/languages/ruby/parser_ruby.go:97.103,98.22 1 1
github.com/LegacyCodeHQ/clarity/depgraph/languages/ruby/parser_ruby.go:98.22,100.3 1 1
github.com/LegacyCodeHQ/clarity/depgraph/languages/ruby/parser_ruby.go:101.2,101.65 1 1
github.com/LegacyCodeHQ/clarity/depgraph/languages/ruby/parser_ruby.go:104.107,110.2 4 1
github.com/LegacyCodeHQ/clarity/depgraph/languages/ruby/parser_ruby.go:112.95,114.21 2 1
github.com/LegacyCodeHQ/clarity/depgraph/languages/ruby/parser_ruby.go:114.21,116.3 1 0
github.com/LegacyCodeHQ/clarity/depgraph/languages/ruby/parser_ruby.go:118.2,119.22 2 1
github.com/LegacyCodeHQ/clarity/depgraph/languages/ruby/parser_ruby.go:119.22,121.3 1 0
github.com/LegacyCodeHQ/clarity/depgraph/languages/ruby/parser_ruby.go:123.2,124.46 2 1
github.com/LegacyCodeHQ/clarity/depgraph/languages/ruby/parser_ruby.go:124.46,125.14 1 1
github.com/LegacyCodeHQ/clarity/depgraph/languages/ruby/parser_ruby.go:125.14,126.12 1 0
github.com/LegacyCodeHQ/clarity/depgraph/languages/ruby/parser_ruby.go:128.3,128.38 1 1
github.com/LegacyCodeHQ/clarity/depgraph/languages/ruby/parser_ruby.go:128.38,129.12 1 0
github.com/LegacyCodeHQ/clarity/depgraph/languages/ruby/parser_ruby.go:132.3,134.53 2 1
github.com/LegacyCodeHQ/clarity/depgraph/languages/ruby/parser_ruby.go:134.53,136.4 1 1
github.com/LegacyCodeHQ/clarity/depgraph/languages/ruby/parser_ruby.go:139.2,140.17 2 1
github.com/LegacyCodeHQ/clarity/depgraph/languages/ruby/parser_ruby.go:143.53,144.37 1 1
github.com/LegacyCodeHQ/clarity/depgraph/languages/ruby/parser_ruby.go:144.37,146.3 1 0
github.com/LegacyCodeHQ/clarity/depgraph/languages/ruby/parser_ruby.go:148.2,151.3 1 1
github.com/LegacyCodeHQ/clarity/depgraph/languages/ruby/parser_ruby.go:154.81,156.39 2 1
github.com/LegacyCodeHQ/clarity/depgraph/languages/ruby/parser_ruby.go:156.39,157.31 1 1
github.com/LegacyCodeHQ/clarity/depgraph/languages/ruby/parser_ruby.go:157.31,159.4 1 1
github.com/LegacyCodeHQ/clarity/depgraph/languages/ruby/parser_ruby.go:161.2,161.17 1 1
github.com/LegacyCodeHQ/clarity/depgraph/languages/ruby/parser_ruby.go:168.62,170.23 2 1
github.com/LegacyCodeHQ/clarity/depgraph/languages/ruby/parser_ruby.go:170.23,172.3 1 1
github.com/LegacyCodeHQ/clarity/depgraph/languages/ruby/parser_ruby.go:174.2,176.28 3 1
github.com/LegacyCodeHQ/clarity/depgraph/languages/ruby/parser_ruby.go:176.28,178.15 1 1
github.com/LegacyCodeHQ/clarity/depgraph/languages/ruby/parser_ruby.go:178.15,179.12 1 0
github.com/LegacyCodeHQ/clarity/depgraph/languages/ruby/parser_ruby.go:181.3,182.16 2 1
github.com/LegacyCodeHQ/clarity/depgraph/languages/ruby/parser_ruby.go:182.16,183.12 1 0
github.com/LegacyCodeHQ/clarity/depgraph/languages/ruby/parser_ruby.go:185.3,185.29 1 1
github.com/LegacyCodeHQ/clarity/depgraph/languages/ruby/parser_ruby.go:185.29,186.12 1 0
github.com/LegacyCodeHQ/clarity/depgraph/languages/ruby/parser_ruby.go:188.3,189.27 2 1
github.com/LegacyCodeHQ/clarity/depgraph/languages/ruby/parser_ruby.go:192.2,192.13 1 1
github.com/LegacyCodeHQ/clarity/depgraph/languages/ruby/parser_ruby.go:197.91,199.61 2 1
github.com/LegacyCodeHQ/clarity/depgraph/languages/ruby/parser_ruby.go:199.61,201.3 1 0
github.com/LegacyCodeHQ/clarity/depgraph/languages/ruby/parser_ruby.go:203.2,204.23 2 1
github.com/LegacyCodeHQ/clarity/depgraph/languages/ruby/parser_ruby.go:204.23,206.3 1 0
github.com/LegacyCodeHQ/clarity/depgraph/languages/ruby/parser_ruby.go:208.2,208.35 1 1
github.com/LegacyCodeHQ/clarity/depgraph/languages/ruby/parser_ruby.go:208.35,210.3 1 1
github.com/LegacyCodeHQ/clarity/depgraph/languages/ruby/parser_ruby.go:212.2,212.44 1 1
github.com/LegacyCodeHQ/clarity/depgraph/languages/ruby/parser_ruby.go:212.44,213.97 1 1
github.com/LegacyCodeHQ/clarity/depgraph/languages/ruby/parser_ruby.go:213.97,215.4 1 1
github.com/LegacyCodeHQ/clarity/depgraph/languages/ruby/parser_ruby.go:218.2,218.12 1 1
github.com/LegacyCodeHQ/clarity/depgraph/languages/ruby/parser_ruby.go:221.93,228.46 6 1
github.com/LegacyCodeHQ/clarity/depgraph/languages/ruby/parser_ruby.go:228.46,229.49 1 1
github.com/LegacyCodeHQ/clarity/depgraph/languages/ruby/parser_ruby.go:229.49,230.12 1 0
github.com/LegacyCodeHQ/clarity/depgraph/languages/ruby/parser_ruby.go:233.3,235.10 3 1
github.com/LegacyCodeHQ/clarity/depgraph/languages/ruby/parser_ruby.go:235.10,236.12 1 1
github.com/LegacyCodeHQ/clarity/depgraph/languages/ruby/parser_ruby.go:239.3,239.112 1 1
github.com/LegacyCodeHQ/clarity/depgraph/languages/ruby/parser_ruby.go:239.112,245.12 6 1
github.com/LegacyCodeHQ/clarity/depgraph/languages/ruby/parser_ruby.go:248.3,248.77 1 1
github.com/LegacyCodeHQ/clarity/depgraph/languages/ruby/parser_ruby.go:248.77,250.4 1 1
github.com/LegacyCodeHQ/clarity/depgraph/languages/ruby/parser_ruby.go:253.2,253.27 1 1
github.com/LegacyCodeHQ/clarity/depgraph/languages/ruby/parser_ruby.go:253.27,255.3 1 1
github.com/LegacyCodeHQ/clarity/depgraph/languages/ruby/parser_ruby.go:257.2,257.27 1 1
github.com/LegacyCodeHQ/clarity/depgraph/languages/ruby/parser_ruby.go:260.109,267.55 6 1
github.com/LegacyCodeHQ/clarity/depgraph/languages/ruby/parser_ruby.go:267.55,269.10 2 1
github.com/LegacyCodeHQ/clarity/depgraph/languages/ruby/parser_ruby.go:269.10,270.12 1 1
github.com/LegacyCodeHQ/clarity/depgraph/languages/ruby/parser_ruby.go:273.3,273.112 1 1
github.com/LegacyCodeHQ/clarity/depgraph/languages/ruby/parser_ruby.go:273.112,279.12 6 1
github.com/LegacyCodeHQ/clarity/depgraph/languages/ruby/parser_ruby.go:282.3,282.77 1 0
github.com/LegacyCodeHQ/clarity/depgraph/languages/ruby/parser_ruby.go:282.77,284.4 1 0
github.com/LegacyCodeHQ/clarity/depgraph/languages/ruby/parser_ruby.go:287.2,287.27 1 1
github.com/LegacyCodeHQ/clarity/depgraph/languages/ruby/parser_ruby.go:287.27,289.3 1 1
github.com/LegacyCodeHQ/clarity/depgraph/languages/ruby/parser_ruby.go:291.2,291.27 1 1
github.com/LegacyCodeHQ/clarity/depgraph/languages/ruby/parser_ruby.go:294.107,296.61 2 1
github.com/LegacyCodeHQ/clarity/depgraph/languages/ruby/parser_ruby.go:296.61,298.3 1 0
github.com/LegacyCodeHQ/clarity/depgraph/languages/ruby/parser_ruby.go:300.2,301.23 2 1
github.com/LegacyCodeHQ/clarity/depgraph/languages/ruby/parser_ruby.go:301.23,303.3 1 0
github.com/LegacyCodeHQ/clarity/depgraph/languages/ruby/parser_ruby.go:305.2,305.35 1 1
github.com/LegacyCodeHQ/clarity/depgraph/languages/ruby/parser_ruby.go:305.35,307.3 1 1
github.com/LegacyCodeHQ/clarity/depgraph/languages/ruby/parser_ruby.go:309.2,309.44 1 1
github.com/LegacyCodeHQ/clarity/depgraph/languages/ruby/parser_ruby.go:309.44,310.109 1 1
github.com/LegacyCodeHQ/clarity/depgraph/languages/ruby/parser_ruby.go:310.109,312.4 1 1
github.com/LegacyCodeHQ/clarity/depgraph/languages/ruby/parser_ruby.go:315.2,315.12 1 1
github.com/LegacyCodeHQ/clarity/depgraph/languages/ruby/parser_ruby.go:318.36,322.30 3 1
github.com/LegacyCodeHQ/clarity/depgraph/languages/ruby/parser_ruby.go:322.30,324.36 2 1
github.com/LegacyCodeHQ/clarity/depgraph/languages/ruby/parser_ruby.go:324.36,327.115 3 1
github.com/LegacyCodeHQ/clarity/depgraph/languages/ruby/parser_ruby.go:327.115,329.5 1 1
github.com/LegacyCodeHQ/clarity/depgraph/languages/ruby/parser_ruby.go:331.3,331.27 1 1
github.com/LegacyCodeHQ/clarity/depgraph/languages/ruby/parser_ruby.go:331.27,333.4 1 1
github.com/LegacyCodeHQ/clarity/depgraph/languages/ruby/parser_ruby.go:333.9,335.4 1 1
github.com/LegacyCodeHQ/clarity/depgraph/languages/ruby/parser_ruby.go:338.2,338.19 1 1
github.com/LegacyCodeHQ/clarity/depgraph/languages/ruby/parser_ruby.go:341.51,345.29 4 1
github.com/LegacyCodeHQ/clarity/depgraph/languages/ruby/parser_ruby.go:345.29,346.17 1 1
github.com/LegacyCodeHQ/clarity/depgraph/languages/ruby/parser_ruby.go:346.17,347.12 1 1
github.com/LegacyCodeHQ/clarity/depgraph/languages/ruby/parser_ruby.go:349.3,349.26 1 1
github.com/LegacyCodeHQ/clarity/depgraph/languages/ruby/parser_ruby.go:351.2,351.12 1 1
github.com/LegacyCodeHQ/clarity/depgraph/languages/ruby/parser_ruby.go:354.95,355.27 1 1
github.com/LegacyCodeHQ/clarity/depgraph/languages/ruby/parser_ruby.go:355.27,357.3 1 0
github.com/LegacyCodeHQ/clarity/depgraph/languages/ruby/parser_ruby.go:359.2,363.33 4 1
github.com/LegacyCodeHQ/clarity/depgraph/languages/ruby/parser_ruby.go:363.33,364.31 1 1
github.com/LegacyCodeHQ/clarity/depgraph/languages/ruby/parser_ruby.go:364.31,365.9 1 1
github.com/LegacyCodeHQ/clarity/depgraph/languages/ruby/parser_ruby.go:367.3,367.32 1 1
github.com/LegacyCodeHQ/clarity/depgraph/languages/ruby/parser_ruby.go:367.32,368.12 1 1
github.com/LegacyCodeHQ/clarity/depgraph/languages/ruby/parser_ruby.go:370.3,370.21 1 1
github.com/LegacyCodeHQ/clarity/depgraph/languages/ruby/parser_ruby.go:370.21,372.4 1 1
github.com/LegacyCodeHQ/clarity/depgraph/languages/ruby/parser_ruby.go:372.9,374.4 1 1
github.com/LegacyCodeHQ/clarity/depgraph/languages/ruby/parser_ruby.go:375.3,376.9 2 1
github.com/LegacyCodeHQ/clarity/depgraph/languages/ruby/parser_ruby.go:379.2,379.30 1 1
github.com/LegacyCodeHQ/clarity/depgraph/languages/ruby/parser_ruby.go:379.30,381.3 1 1
github.com/LegacyCodeHQ/clarity/depgraph/languages/ruby/parser_ruby.go:383.2,385.38 3 1
github.com/LegacyCodeHQ/clarity/depgraph/languages/ruby/parser_ruby.go:388.103,389.22 1 1
github.com/LegacyCodeHQ/clarity/depgraph/languages/ruby/parser_ruby.go:389.22,391.3 1 1
github.com/LegacyCodeHQ/clarity/depgraph/languages/ruby/parser_ruby.go:392.2,392.30 1 1
github.com/LegacyCodeHQ/clarity/depgraph/languages/ruby/parser_ruby.go:392.30,394.3 1 0
github.com/LegacyCodeHQ/clarity/depgraph/languages/ruby/parser_ruby.go:395.2,395.28 1 1
github.com/LegacyCodeHQ/clarity/depgraph/languages/ruby/parser_ruby.go:395.28,397.3 1 0
github.com/LegacyCodeHQ/clarity/depgraph/languages/ruby/parser_ruby.go:398.2,398.14 1 1
github.com/LegacyCodeHQ/clarity/depgraph/languages/ruby/test_file_ruby.go:9.39,12.18 3 1
github.com/LegacyCodeHQ/clarity/depgraph/languages/ruby/test_file_ruby.go:12.18,14.3 1 0
github.com/LegacyCodeHQ/clarity/depgraph/languages/ruby/test_file_ruby.go:16.2,16.128 1 1
github.com/LegacyCodeHQ/clarity/depgraph/languages/ruby/test_file_ruby.go:16.128,18.3 1 1
github.com/LegacyCodeHQ/clarity/depgraph/languages/ruby/test_file_ruby.go:20.2,21.114 2 1
github.com/LegacyCodeHQ/clarity/depgraph/registry/language_registry.go:3.52,5.2 1 1
github.com/LegacyCodeHQ/clarity/depgraph/registry/languages.go:14.45,17.33 3 1
github.com/LegacyCodeHQ/clarity/depgraph/registry/languages.go:17.33,23.3 1 1
github.com/LegacyCodeHQ/clarity/depgraph/registry/languages.go:24.2,24.18 1 1
github.com/LegacyCodeHQ/clarity/depgraph/registry/languages.go:28.45,30.33 2 0
github.com/LegacyCodeHQ/clarity/depgraph/registry/languages.go:30.33,31.43 1 0
github.com/LegacyCodeHQ/clarity/depgraph/registry/languages.go:31.43,33.4 1 0
github.com/LegacyCodeHQ/clarity/depgraph/registry/languages.go:36.2,37.30 2 0
github.com/LegacyCodeHQ/clarity/depgraph/registry/languages.go:37.30,39.3 1 0
github.com/LegacyCodeHQ/clarity/depgraph/registry/languages.go:40.2,41.15 2 0
github.com/LegacyCodeHQ/clarity/depgraph/registry/languages.go:45.52,48.2 2 1
github.com/LegacyCodeHQ/clarity/depgraph/registry/maturity.go:16.39,18.2 1 0
github.com/LegacyCodeHQ/clarity/depgraph/registry/registry.go:40.25,42.2 1 1
github.com/LegacyCodeHQ/clarity/depgraph/registry/registry.go:45.52,46.33 1 1
github.com/LegacyCodeHQ/clarity/depgraph/registry/registry.go:46.33,47.49 1 1
github.com/LegacyCodeHQ/clarity/depgraph/registry/registry.go:47.49,48.24 1 1
github.com/LegacyCodeHQ/clarity/depgraph/registry/registry.go:48.24,50.5 1 1
github.com/LegacyCodeHQ/clarity/depgraph/registry/registry.go:54.2,54.19 1 1
github.com/LegacyCodeHQ/clarity/depgraph/registry/test_file.go:11.72,15.9 3 1
github.com/LegacyCodeHQ/clarity/depgraph/registry/test_file.go:15.9,17.3 1 0
github.com/LegacyCodeHQ/clarity/depgraph/registry/test_file.go:19.2,19.51 1 1
